 Copyright (C) 1995-2019 - All Rights Reserved
 University Corporation for Atmospheric Research
 NCAR Command Language Version 6.6.2
 The use of this software is governed by a License Agreement.
 See http://www.ncl.ucar.edu/ for more details.
(0)	-------------------------------------------------------------------------------
(0)	-------------------------------------------------------------------------------
(0)	--------------------------- Working for CSA Austria ---------------------------
(0)	-------------------------------------------------------------------------------
(0)	Plot AT_QP_0-20 with lat 48.2104 and lon 16.1469
(0)	 --> nearest ESM lat(985) 48.2125 and lon(4337) 16.1458
(0)	-------------------------------------------------------------------------------
(0)	-------------------------------------------------------------------------------
(0)	Plot AT_QP_20-40 with lat 48.2489 and lon 16.2119
(0)	 --> nearest ESM lat(989) 48.2458 and lon(4345) 16.2125
(0)	-------------------------------------------------------------------------------
(0)	-------------------------------------------------------------------------------
(0)	Plot AT_QP_40-60 with lat 48.2657 and lon 16.1669
(0)	 --> nearest ESM lat(991) 48.2625 and lon(4340) 16.1708
(0)	-------------------------------------------------------------------------------
(0)	-------------------------------------------------------------------------------
(0)	Plot AT_QP_80-100 with lat 48.2274 and lon 16.1279
(0)	 --> nearest ESM lat(987) 48.2292 and lon(4335) 16.1292
(0)	-------------------------------------------------------------------------------
(0)	-------------------------------------------------------------------------------
(0)	Plot AT_QP_120-140 with lat 48.2924 and lon 16.2437
(0)	 --> nearest ESM lat(995) 48.2958 and lon(4349) 16.2458
(0)	-------------------------------------------------------------------------------
(0)	-------------------------------------------------------------------------------
(0)	Plot AT_QP_180-200 with lat 48.2207 and lon 16.1718
(0)	 --> nearest ESM lat(986) 48.2208 and lon(4340) 16.1708
(0)	-------------------------------------------------------------------------------
(0)	-------------------------------------------------------------------------------
(0)	Plot AT_FS_0-20 with lat 48.2899 and lon 16.2351
(0)	 --> nearest ESM lat(994) 48.2875 and lon(4348) 16.2375
(0)	-------------------------------------------------------------------------------
(0)	-------------------------------------------------------------------------------
(0)	Plot AT_FS_20-40 with lat 48.2899 and lon 16.2351
(0)	 --> nearest ESM lat(994) 48.2875 and lon(4348) 16.2375
(0)	-------------------------------------------------------------------------------
(0)	-------------------------------------------------------------------------------
(0)	Plot AT_FS_40-60 with lat 48.2899 and lon 16.2351
(0)	 --> nearest ESM lat(994) 48.2875 and lon(4348) 16.2375
(0)	-------------------------------------------------------------------------------
(0)	-------------------------------------------------------------------------------
(0)	Plot AT_FS_60-80 with lat 48.2899 and lon 16.2351
(0)	 --> nearest ESM lat(994) 48.2875 and lon(4348) 16.2375
(0)	-------------------------------------------------------------------------------
(0)	-------------------------------------------------------------------------------
(0)	Plot AT_FS_100-120 with lat 48.2899 and lon 16.2351
(0)	 --> nearest ESM lat(994) 48.2875 and lon(4348) 16.2375
(0)	-------------------------------------------------------------------------------
(0)	-------------------------------------------------------------------------------
(0)	Plot AT_FS_120-140 with lat 48.2899 and lon 16.2351
(0)	 --> nearest ESM lat(994) 48.2875 and lon(4348) 16.2375
(0)	-------------------------------------------------------------------------------
(0)	-------------------------------------------------------------------------------
(0)	Plot AT_FS_160-180 with lat 48.2899 and lon 16.2351
(0)	 --> nearest ESM lat(994) 48.2875 and lon(4348) 16.2375
(0)	-------------------------------------------------------------------------------
(0)	-------------------------------------------------------------------------------
(0)	-------------------------------------------------------------------------------
(0)	--------------------------- Working for CSA Romania ---------------------------
(0)	-------------------------------------------------------------------------------
(0)	Plot RO_AC_0-20 with lat 44.38 and lon 25.48
(0)	 --> nearest ESM lat(525) 44.3792 and lon(657) 25.4792
(0)	-------------------------------------------------------------------------------
(0)	-------------------------------------------------------------------------------
(0)	Plot RO_AC_20-40 with lat 44.371 and lon 25.084
(0)	 --> nearest ESM lat(524) 44.3708 and lon(610) 25.0875
(0)	-------------------------------------------------------------------------------
(0)	-------------------------------------------------------------------------------
(0)	Plot RO_AC_40-60 with lat 45.34 and lon 24.637
(0)	 --> nearest ESM lat(640) 45.3375 and lon(556) 24.6375
(0)	-------------------------------------------------------------------------------
(0)	-------------------------------------------------------------------------------
(0)	Plot RO_CB_0-20 with lat 44.867 and lon 24.796
(0)	 --> nearest ESM lat(584) 44.8708 and lon(575) 24.7958
(0)	-------------------------------------------------------------------------------
(0)	-------------------------------------------------------------------------------
(0)	Plot RO_CB_20-40 with lat 44.939 and lon 24.862
(0)	 --> nearest ESM lat(592) 44.9375 and lon(583) 24.8625
(0)	-------------------------------------------------------------------------------
(0)	-------------------------------------------------------------------------------
(0)	Plot RO_CB_40-60 with lat 44.988 and lon 24.818
(0)	 --> nearest ESM lat(598) 44.9875 and lon(578) 24.8208
(0)	-------------------------------------------------------------------------------
(0)	-------------------------------------------------------------------------------
(0)	Plot RO_CB_60-80 with lat 44.786 and lon 24.952
(0)	 --> nearest ESM lat(574) 44.7875 and lon(594) 24.9542
(0)	-------------------------------------------------------------------------------
(0)	-------------------------------------------------------------------------------
(0)	Plot RO_CB_80-100 with lat 45.109 and lon 24.872
(0)	 --> nearest ESM lat(613) 45.1125 and lon(584) 24.8708
(0)	-------------------------------------------------------------------------------
(0)	-------------------------------------------------------------------------------
(0)	Plot RO_FS_0-20 with lat 45.316 and lon 24.838
(0)	 --> nearest ESM lat(637) 45.3125 and lon(580) 24.8375
(0)	-------------------------------------------------------------------------------
(0)	-------------------------------------------------------------------------------
(0)	Plot RO_FS_100-120 with lat 45.208 and lon 24.829
(0)	 --> nearest ESM lat(624) 45.2042 and lon(579) 24.8292
(0)	-------------------------------------------------------------------------------
(0)	-------------------------------------------------------------------------------
(0)	Plot RO_FS_120-140 with lat 45.349 and lon 24.749
(0)	 --> nearest ESM lat(641) 45.3458 and lon(569) 24.7458
(0)	-------------------------------------------------------------------------------
(0)	-------------------------------------------------------------------------------
(0)	Plot RO_FS_140-160 with lat 45.366 and lon 24.711
(0)	 --> nearest ESM lat(643) 45.3625 and lon(565) 24.7125
(0)	-------------------------------------------------------------------------------
(0)	-------------------------------------------------------------------------------
(0)	Plot RO_FS_20-40 with lat 45.268 and lon 24.832
(0)	 --> nearest ESM lat(632) 45.2708 and lon(579) 24.8292
(0)	-------------------------------------------------------------------------------
(0)	-------------------------------------------------------------------------------
(0)	Plot RO_FS_40-60 with lat 45.229 and lon 24.855
(0)	 --> nearest ESM lat(627) 45.2292 and lon(582) 24.8542
(0)	-------------------------------------------------------------------------------
(0)	-------------------------------------------------------------------------------
(0)	Plot RO_FS_60-80 with lat 45.306 and lon 24.85
(0)	 --> nearest ESM lat(636) 45.3042 and lon(582) 24.8542
(0)	-------------------------------------------------------------------------------
(0)	-------------------------------------------------------------------------------
(0)	Plot RO_FS_80-100 with lat 45.217 and lon 24.88
(0)	 --> nearest ESM lat(626) 45.2208 and lon(585) 24.8792
(0)	-------------------------------------------------------------------------------
(0)	-------------------------------------------------------------------------------
(0)	Plot RO_PA_0-20 with lat 45.411 and lon 24.717
(0)	 --> nearest ESM lat(649) 45.4125 and lon(566) 24.7208
(0)	-------------------------------------------------------------------------------
(0)	-------------------------------------------------------------------------------
(0)	Plot RO_PA_100-120 with lat 45.41 and lon 24.967
(0)	 --> nearest ESM lat(649) 45.4125 and lon(596) 24.9708
(0)	-------------------------------------------------------------------------------
(0)	-------------------------------------------------------------------------------
(0)	Plot RO_PA_120-140 with lat 45.494 and lon 25.073
(0)	 --> nearest ESM lat(659) 45.4958 and lon(608) 25.0708
(0)	-------------------------------------------------------------------------------
(0)	-------------------------------------------------------------------------------
(0)	Plot RO_PA_20-40 with lat 45.445 and lon 24.885
(0)	 --> nearest ESM lat(653) 45.4458 and lon(586) 24.8875
(0)	-------------------------------------------------------------------------------
(0)	-------------------------------------------------------------------------------
(0)	Plot RO_PA_40-60 with lat 45.4 and lon 25.069
(0)	 --> nearest ESM lat(648) 45.4042 and lon(608) 25.0708
(0)	-------------------------------------------------------------------------------
(0)	-------------------------------------------------------------------------------
(0)	Plot RO_PA_60-80 with lat 45.464 and lon 24.948
(0)	 --> nearest ESM lat(655) 45.4625 and lon(593) 24.9458
(0)	-------------------------------------------------------------------------------
(0)	-------------------------------------------------------------------------------
(0)	Plot RO_PA_80-100 with lat 45.457 and lon 24.861
(0)	 --> nearest ESM lat(654) 45.4542 and lon(583) 24.8625
(0)	-------------------------------------------------------------------------------
(0)	-------------------------------------------------------------------------------
(0)	Plot RO_QC_0-20 with lat 44.342 and lon 24.921
(0)	 --> nearest ESM lat(521) 44.3458 and lon(590) 24.9208
(0)	-------------------------------------------------------------------------------
(0)	-------------------------------------------------------------------------------
(0)	Plot RO_QC_100-120 with lat 44.17 and lon 24.95
(0)	 --> nearest ESM lat(500) 44.1708 and lon(594) 24.9542
(0)	-------------------------------------------------------------------------------
(0)	-------------------------------------------------------------------------------
(0)	Plot RO_QC_20-40 with lat 44.4 and lon 25.143
(0)	 --> nearest ESM lat(528) 44.4042 and lon(617) 25.1458
(0)	-------------------------------------------------------------------------------
(0)	-------------------------------------------------------------------------------
(0)	Plot RO_QC_40-60 with lat 44.401 and lon 25.268
(0)	 --> nearest ESM lat(528) 44.4042 and lon(632) 25.2708
(0)	-------------------------------------------------------------------------------
(0)	-------------------------------------------------------------------------------
(0)	Plot RO_QC_60-80 with lat 44.317 and lon 25.261
(0)	 --> nearest ESM lat(518) 44.3208 and lon(631) 25.2625
(0)	-------------------------------------------------------------------------------
(0)	-------------------------------------------------------------------------------
(0)	Plot RO_QC_80-100 with lat 44.51 and lon 24.882
(0)	 --> nearest ESM lat(541) 44.5125 and lon(585) 24.8792
(0)	-------------------------------------------------------------------------------
(0)	-------------------------------------------------------------------------------
(0)	Plot RO_QP_0-20 with lat 44.915 and lon 24.999
(0)	 --> nearest ESM lat(589) 44.9125 and lon(599) 24.9958
(0)	-------------------------------------------------------------------------------
(0)	-------------------------------------------------------------------------------
(0)	Plot RO_QP_100-120 with lat 44.828 and lon 24.837
(0)	 --> nearest ESM lat(579) 44.8292 and lon(580) 24.8375
(0)	-------------------------------------------------------------------------------
(0)	-------------------------------------------------------------------------------
(0)	Plot RO_QP_120-140 with lat 44.926 and lon 24.95
(0)	 --> nearest ESM lat(591) 44.9292 and lon(594) 24.9542
(0)	-------------------------------------------------------------------------------
(0)	-------------------------------------------------------------------------------
(0)	Plot RO_QP_20-40 with lat 44.801 and lon 24.891
(0)	 --> nearest ESM lat(576) 44.8042 and lon(586) 24.8875
(0)	-------------------------------------------------------------------------------
(0)	-------------------------------------------------------------------------------
(0)	Plot RO_QP_40-60 with lat 44.973 and lon 24.869
(0)	 --> nearest ESM lat(596) 44.9708 and lon(584) 24.8708
(0)	-------------------------------------------------------------------------------
(0)	-------------------------------------------------------------------------------
(0)	Plot RO_QP_60-80 with lat 44.957 and lon 24.845
(0)	 --> nearest ESM lat(594) 44.9542 and lon(581) 24.8458
(0)	-------------------------------------------------------------------------------
(0)	-------------------------------------------------------------------------------
(0)	Plot RO_QP_80-100 with lat 44.911 and lon 24.803
(0)	 --> nearest ESM lat(589) 44.9125 and lon(576) 24.8042
(0)	-------------------------------------------------------------------------------
(0)	-------------------------------------------------------------------------------
(0)	Plot RO_QR_0-20 with lat 43.95 and lon 24.98
(0)	 --> nearest ESM lat(473) 43.9458 and lon(597) 24.9792
(0)	-------------------------------------------------------------------------------
(0)	-------------------------------------------------------------------------------
(0)	Plot RO_QR_100-120 with lat 44.14 and lon 25.052
(0)	 --> nearest ESM lat(496) 44.1375 and lon(606) 25.0542
(0)	-------------------------------------------------------------------------------
(0)	-------------------------------------------------------------------------------
(0)	Plot RO_QR_120-140 with lat 43.97 and lon 24.67
(0)	 --> nearest ESM lat(476) 43.9708 and lon(560) 24.6708
(0)	-------------------------------------------------------------------------------
(0)	-------------------------------------------------------------------------------
(0)	Plot RO_QR_20-40 with lat 44.3 and lon 25.036
(0)	 --> nearest ESM lat(515) 44.2958 and lon(604) 25.0375
(0)	-------------------------------------------------------------------------------
(0)	-------------------------------------------------------------------------------
(0)	Plot RO_QR_40-60 with lat 44.393 and lon 25.049
(0)	 --> nearest ESM lat(527) 44.3958 and lon(605) 25.0458
(0)	-------------------------------------------------------------------------------
(0)	-------------------------------------------------------------------------------
(0)	Plot RO_QR_60-80 with lat 44.284 and lon 24.897
(0)	 --> nearest ESM lat(514) 44.2875 and lon(587) 24.8958
(0)	-------------------------------------------------------------------------------
(0)	-------------------------------------------------------------------------------
(0)	Plot RO_QR_80-100 with lat 44.356 and lon 24.91
(0)	 --> nearest ESM lat(522) 44.3542 and lon(589) 24.9125
(0)	-------------------------------------------------------------------------------
(0)	-------------------------------------------------------------------------------
(0)	Plot RO_RP_0-20 with lat 44.293 and lon 25.027
(0)	 --> nearest ESM lat(515) 44.2958 and lon(603) 25.0292
(0)	-------------------------------------------------------------------------------
(0)	-------------------------------------------------------------------------------
(0)	Plot RO_RP_20-40 with lat 44.882 and lon 24.799
(0)	 --> nearest ESM lat(585) 44.8792 and lon(575) 24.7958
(0)	-------------------------------------------------------------------------------
(0)	-------------------------------------------------------------------------------
(0)	Plot RO_RP_40-60 with lat 44.988 and lon 24.838
(0)	 --> nearest ESM lat(598) 44.9875 and lon(580) 24.8375
(0)	-------------------------------------------------------------------------------
(0)	-------------------------------------------------------------------------------
(0)	Plot RO_RP_60-80 with lat 45.14 and lon 24.65
(0)	 --> nearest ESM lat(616) 45.1375 and lon(557) 24.6458
(0)	-------------------------------------------------------------------------------
(0)	-------------------------------------------------------------------------------
(0)	Plot RO_SA_0-20 with lat 45.009 and lon 24.751
(0)	 --> nearest ESM lat(601) 45.0125 and lon(570) 24.7542
(0)	-------------------------------------------------------------------------------
(0)	-------------------------------------------------------------------------------
(0)	Plot RO_SA_20-40 with lat 44.146 and lon 25.152
(0)	 --> nearest ESM lat(497) 44.1458 and lon(618) 25.1542
(0)	-------------------------------------------------------------------------------
(0)	-------------------------------------------------------------------------------
(0)	Plot RO_SA_40-60 with lat 44.783 and lon 24.738
(0)	 --> nearest ESM lat(573) 44.7792 and lon(568) 24.7375
(0)	-------------------------------------------------------------------------------
(0)	-------------------------------------------------------------------------------
(0)	Plot RO_SA_60-80 with lat 44.78 and lon 25.08
(0)	 --> nearest ESM lat(573) 44.7792 and lon(609) 25.0792
(0)	-------------------------------------------------------------------------------
(0)	-------------------------------------------------------------------------------
(0)	Plot RO_SA_80-100 with lat 44.78 and lon 25.08
(0)	 --> nearest ESM lat(573) 44.7792 and lon(609) 25.0792
(0)	-------------------------------------------------------------------------------
(0)	-------------------------------------------------------------------------------
(0)	-------------------------------------------------------------------------------
(0)	--------------------------- Working for CSA Italy ---------------------------
(0)	-------------------------------------------------------------------------------
(0)	Plot IT_AA_40-60 with lat 43.7288 and lon 11.5675
(0)	 --> nearest ESM lat(447) 43.7292 and lon(3788) 11.5708
(0)	-------------------------------------------------------------------------------
(0)	-------------------------------------------------------------------------------
(0)	Plot IT_AA_60-80 with lat 43.7347 and lon 11.5686
(0)	 --> nearest ESM lat(448) 43.7375 and lon(3788) 11.5708
(0)	-------------------------------------------------------------------------------
(0)	-------------------------------------------------------------------------------
(0)	Plot IT_AA_80-100 with lat 43.7375 and lon 11.5651
(0)	 --> nearest ESM lat(448) 43.7375 and lon(3787) 11.5625
(0)	-------------------------------------------------------------------------------
(0)	-------------------------------------------------------------------------------
(0)	Plot IT_AA_100-120 with lat 43.7369 and lon 11.5631
(0)	 --> nearest ESM lat(448) 43.7375 and lon(3787) 11.5625
(0)	-------------------------------------------------------------------------------
(0)	-------------------------------------------------------------------------------
(0)	Plot IT_AA_120-140 with lat 43.7332 and lon 11.5656
(0)	 --> nearest ESM lat(447) 43.7292 and lon(3787) 11.5625
(0)	-------------------------------------------------------------------------------
(0)	-------------------------------------------------------------------------------
(0)	Plot IT_AA_140-240 with lat 43.7405 and lon 11.5697
(0)	 --> nearest ESM lat(448) 43.7375 and lon(3788) 11.5708
(0)	-------------------------------------------------------------------------------
(0)	-------------------------------------------------------------------------------
(0)	Plot IT_FS_20-40 with lat 43.8806 and lon 11.6345
(0)	 --> nearest ESM lat(465) 43.8792 and lon(3796) 11.6375
(0)	-------------------------------------------------------------------------------
(0)	-------------------------------------------------------------------------------
(0)	Plot IT_FS_40-60 with lat 43.7371 and lon 11.566
(0)	 --> nearest ESM lat(448) 43.7375 and lon(3787) 11.5625
(0)	-------------------------------------------------------------------------------
(0)	-------------------------------------------------------------------------------
(0)	Plot IT_FS_60-80 with lat 43.7384 and lon 11.5677
(0)	 --> nearest ESM lat(448) 43.7375 and lon(3788) 11.5708
(0)	-------------------------------------------------------------------------------
(0)	-------------------------------------------------------------------------------
(0)	Plot IT_FS_80-100 with lat 43.7324 and lon 11.5725
(0)	 --> nearest ESM lat(447) 43.7292 and lon(3788) 11.5708
(0)	-------------------------------------------------------------------------------
(0)	-------------------------------------------------------------------------------
(0)	Plot IT_FS_100-120 with lat 43.7377 and lon 11.5734
(0)	 --> nearest ESM lat(448) 43.7375 and lon(3788) 11.5708
(0)	-------------------------------------------------------------------------------
(0)	-------------------------------------------------------------------------------
(0)	Plot IT_FS_120-140 with lat 43.7371 and lon 11.5705
(0)	 --> nearest ESM lat(448) 43.7375 and lon(3788) 11.5708
(0)	-------------------------------------------------------------------------------
(0)	-------------------------------------------------------------------------------
(0)	Plot IT_FS_140-240 with lat 43.7346 and lon 11.5718
(0)	 --> nearest ESM lat(448) 43.7375 and lon(3788) 11.5708
(0)	-------------------------------------------------------------------------------
(0)	-------------------------------------------------------------------------------
(0)	Plot IT_PM_40-60 with lat 43.8735 and lon 11.6262
(0)	 --> nearest ESM lat(464) 43.8708 and lon(3795) 11.6292
(0)	-------------------------------------------------------------------------------
(0)	-------------------------------------------------------------------------------
(0)	Plot IT_PM_80-100 with lat 43.7386 and lon 11.5668
(0)	 --> nearest ESM lat(448) 43.7375 and lon(3788) 11.5708
(0)	-------------------------------------------------------------------------------
(0)	-------------------------------------------------------------------------------
(0)	Plot IT_PN_0-20 with lat 43.7417 and lon 11.5522
(0)	 --> nearest ESM lat(449) 43.7458 and lon(3786) 11.5542
(0)	-------------------------------------------------------------------------------
(0)	-------------------------------------------------------------------------------
(0)	Plot IT_PN_20-40 with lat 43.8794 and lon 11.6291
(0)	 --> nearest ESM lat(465) 43.8792 and lon(3795) 11.6292
(0)	-------------------------------------------------------------------------------
(0)	-------------------------------------------------------------------------------
(0)	Plot IT_PN_40-60 with lat 43.8693 and lon 11.6251
(0)	 --> nearest ESM lat(464) 43.8708 and lon(3795) 11.6292
(0)	-------------------------------------------------------------------------------
(0)	-------------------------------------------------------------------------------
(0)	Plot IT_PN_60-80 with lat 43.7346 and lon 11.5628
(0)	 --> nearest ESM lat(448) 43.7375 and lon(3787) 11.5625
(0)	-------------------------------------------------------------------------------
(0)	-------------------------------------------------------------------------------
(0)	Plot IT_PN_80-100 with lat 43.7458 and lon 11.538
(0)	 --> nearest ESM lat(449) 43.7458 and lon(3784) 11.5375
(0)	-------------------------------------------------------------------------------
(0)	-------------------------------------------------------------------------------
(0)	Plot IT_PN_120-140 with lat 43.761 and lon 11.5756
(0)	 --> nearest ESM lat(451) 43.7625 and lon(3789) 11.5792
(0)	-------------------------------------------------------------------------------
(0)	-------------------------------------------------------------------------------
(0)	Plot IT_QC_0-20 with lat 43.8818 and lon 11.616
(0)	 --> nearest ESM lat(465) 43.8792 and lon(3793) 11.6125
(0)	-------------------------------------------------------------------------------
(0)	-------------------------------------------------------------------------------
(0)	Plot IT_QC_20-40 with lat 43.8795 and lon 11.6175
(0)	 --> nearest ESM lat(465) 43.8792 and lon(3794) 11.6208
(0)	-------------------------------------------------------------------------------
(0)	-------------------------------------------------------------------------------
(0)	Plot IT_QC_40-60 with lat 43.8788 and lon 11.6153
(0)	 --> nearest ESM lat(465) 43.8792 and lon(3793) 11.6125
(0)	-------------------------------------------------------------------------------
(0)	-------------------------------------------------------------------------------
(0)	Plot IT_QC_60-80 with lat 43.7458 and lon 11.5595
(0)	 --> nearest ESM lat(449) 43.7458 and lon(3787) 11.5625
(0)	-------------------------------------------------------------------------------
(0)	Calculated PI in 0.118844 seconds
(0)	--------------------------------------------------------------
(0)	THE END
