 Copyright (C) 1995-2019 - All Rights Reserved
 University Corporation for Atmospheric Research
 NCAR Command Language Version 6.6.2
 The use of this software is governed by a License Agreement.
 See http://www.ncl.ucar.edu/ for more details.
(0)	-------------------------------------------------------------------------------
(0)	-------------------------------------------------------------------------------
(0)	------------------------ Working for PLOT AT_FS_0-20 ------------------------
(0)	-------------------------------------------------------------------------------
(0)	-------------------------------------------------------------------------------
(0)	------------------------ Working for PLOT AT_FS_100-120 ------------------------
(0)	-------------------------------------------------------------------------------
(0)	-------------------------------------------------------------------------------
(0)	------------------------ Working for PLOT AT_FS_120-140 ------------------------
(0)	-------------------------------------------------------------------------------
(0)	-------------------------------------------------------------------------------
(0)	------------------------ Working for PLOT AT_FS_160-180 ------------------------
(0)	-------------------------------------------------------------------------------
(0)	-------------------------------------------------------------------------------
(0)	------------------------ Working for PLOT AT_FS_20-40 ------------------------
(0)	-------------------------------------------------------------------------------
(0)	-------------------------------------------------------------------------------
(0)	------------------------ Working for PLOT AT_FS_40-60 ------------------------
(0)	-------------------------------------------------------------------------------
(0)	-------------------------------------------------------------------------------
(0)	------------------------ Working for PLOT AT_FS_60-80 ------------------------
(0)	-------------------------------------------------------------------------------
(0)	-------------------------------------------------------------------------------
(0)	------------------------ Working for PLOT AT_QP_0-20 ------------------------
(0)	-------------------------------------------------------------------------------
(0)	-------------------------------------------------------------------------------
(0)	------------------------ Working for PLOT AT_QP_120-140 ------------------------
(0)	-------------------------------------------------------------------------------
(0)	-------------------------------------------------------------------------------
(0)	------------------------ Working for PLOT AT_QP_180-200 ------------------------
(0)	-------------------------------------------------------------------------------
(0)	-------------------------------------------------------------------------------
(0)	------------------------ Working for PLOT AT_QP_20-40 ------------------------
(0)	-------------------------------------------------------------------------------
(0)	-------------------------------------------------------------------------------
(0)	------------------------ Working for PLOT AT_QP_40-60 ------------------------
(0)	-------------------------------------------------------------------------------
(0)	-------------------------------------------------------------------------------
(0)	------------------------ Working for PLOT AT_QP_80-100 ------------------------
(0)	-------------------------------------------------------------------------------
(0)	-------------------------------------------------------------------------------
(0)	------------------------ Working for PLOT IT_AA_100-120 ------------------------
(0)	-------------------------------------------------------------------------------
(0)	-------------------------------------------------------------------------------
(0)	------------------------ Working for PLOT IT_AA_120-140 ------------------------
(0)	-------------------------------------------------------------------------------
(0)	-------------------------------------------------------------------------------
(0)	------------------------ Working for PLOT IT_AA_140-240 ------------------------
(0)	-------------------------------------------------------------------------------
(0)	-------------------------------------------------------------------------------
(0)	------------------------ Working for PLOT IT_AA_40-60 ------------------------
(0)	-------------------------------------------------------------------------------
(0)	-------------------------------------------------------------------------------
(0)	------------------------ Working for PLOT IT_AA_60-80 ------------------------
(0)	-------------------------------------------------------------------------------
(0)	-------------------------------------------------------------------------------
(0)	------------------------ Working for PLOT IT_AA_80-100 ------------------------
(0)	-------------------------------------------------------------------------------
(0)	-------------------------------------------------------------------------------
(0)	------------------------ Working for PLOT IT_FS_100-120 ------------------------
(0)	-------------------------------------------------------------------------------
(0)	-------------------------------------------------------------------------------
(0)	------------------------ Working for PLOT IT_FS_120-140 ------------------------
(0)	-------------------------------------------------------------------------------
(0)	-------------------------------------------------------------------------------
(0)	------------------------ Working for PLOT IT_FS_140-240 ------------------------
(0)	-------------------------------------------------------------------------------
(0)	-------------------------------------------------------------------------------
(0)	------------------------ Working for PLOT IT_FS_20-40 ------------------------
(0)	-------------------------------------------------------------------------------
(0)	-------------------------------------------------------------------------------
(0)	------------------------ Working for PLOT IT_FS_40-60 ------------------------
(0)	-------------------------------------------------------------------------------
(0)	-------------------------------------------------------------------------------
(0)	------------------------ Working for PLOT IT_FS_60-80 ------------------------
(0)	-------------------------------------------------------------------------------
(0)	-------------------------------------------------------------------------------
(0)	------------------------ Working for PLOT IT_FS_80-100 ------------------------
(0)	-------------------------------------------------------------------------------
(0)	-------------------------------------------------------------------------------
(0)	------------------------ Working for PLOT IT_PM_40-60 ------------------------
(0)	-------------------------------------------------------------------------------
(0)	-------------------------------------------------------------------------------
(0)	------------------------ Working for PLOT IT_PM_80-100 ------------------------
(0)	-------------------------------------------------------------------------------
(0)	-------------------------------------------------------------------------------
(0)	------------------------ Working for PLOT IT_PN_0-20 ------------------------
(0)	-------------------------------------------------------------------------------
(0)	-------------------------------------------------------------------------------
(0)	------------------------ Working for PLOT IT_PN_120-140 ------------------------
(0)	-------------------------------------------------------------------------------
(0)	-------------------------------------------------------------------------------
(0)	------------------------ Working for PLOT IT_PN_20-40 ------------------------
(0)	-------------------------------------------------------------------------------
(0)	-------------------------------------------------------------------------------
(0)	------------------------ Working for PLOT IT_PN_40-60 ------------------------
(0)	-------------------------------------------------------------------------------
(0)	-------------------------------------------------------------------------------
(0)	------------------------ Working for PLOT IT_PN_60-80 ------------------------
(0)	-------------------------------------------------------------------------------
(0)	-------------------------------------------------------------------------------
(0)	------------------------ Working for PLOT IT_PN_80-100 ------------------------
(0)	-------------------------------------------------------------------------------
(0)	-------------------------------------------------------------------------------
(0)	------------------------ Working for PLOT IT_QC_0-20 ------------------------
(0)	-------------------------------------------------------------------------------
(0)	-------------------------------------------------------------------------------
(0)	------------------------ Working for PLOT IT_QC_20-40 ------------------------
(0)	-------------------------------------------------------------------------------
(0)	-------------------------------------------------------------------------------
(0)	------------------------ Working for PLOT IT_QC_40-60 ------------------------
(0)	-------------------------------------------------------------------------------
(0)	-------------------------------------------------------------------------------
(0)	------------------------ Working for PLOT IT_QC_60-80 ------------------------
(0)	-------------------------------------------------------------------------------
(0)	-------------------------------------------------------------------------------
(0)	------------------------ Working for PLOT RO_AC_0-20 ------------------------
(0)	-------------------------------------------------------------------------------
(0)	-------------------------------------------------------------------------------
(0)	------------------------ Working for PLOT RO_AC_20-40 ------------------------
(0)	-------------------------------------------------------------------------------
(0)	-------------------------------------------------------------------------------
(0)	------------------------ Working for PLOT RO_AC_40-60 ------------------------
(0)	-------------------------------------------------------------------------------
(0)	-------------------------------------------------------------------------------
(0)	------------------------ Working for PLOT RO_CB_0-20 ------------------------
(0)	-------------------------------------------------------------------------------
(0)	-------------------------------------------------------------------------------
(0)	------------------------ Working for PLOT RO_CB_20-40 ------------------------
(0)	-------------------------------------------------------------------------------
(0)	-------------------------------------------------------------------------------
(0)	------------------------ Working for PLOT RO_CB_40-60 ------------------------
(0)	-------------------------------------------------------------------------------
(0)	-------------------------------------------------------------------------------
(0)	------------------------ Working for PLOT RO_CB_60-80 ------------------------
(0)	-------------------------------------------------------------------------------
(0)	-------------------------------------------------------------------------------
(0)	------------------------ Working for PLOT RO_CB_80-100 ------------------------
(0)	-------------------------------------------------------------------------------
(0)	-------------------------------------------------------------------------------
(0)	------------------------ Working for PLOT RO_FS_0-20 ------------------------
(0)	-------------------------------------------------------------------------------
(0)	-------------------------------------------------------------------------------
(0)	------------------------ Working for PLOT RO_FS_100-120 ------------------------
(0)	-------------------------------------------------------------------------------
(0)	-------------------------------------------------------------------------------
(0)	------------------------ Working for PLOT RO_FS_120-140 ------------------------
(0)	-------------------------------------------------------------------------------
(0)	-------------------------------------------------------------------------------
(0)	------------------------ Working for PLOT RO_FS_140-160 ------------------------
(0)	-------------------------------------------------------------------------------
(0)	-------------------------------------------------------------------------------
(0)	------------------------ Working for PLOT RO_FS_20-40 ------------------------
(0)	-------------------------------------------------------------------------------
(0)	-------------------------------------------------------------------------------
(0)	------------------------ Working for PLOT RO_FS_40-60 ------------------------
(0)	-------------------------------------------------------------------------------
(0)	-------------------------------------------------------------------------------
(0)	------------------------ Working for PLOT RO_FS_60-80 ------------------------
(0)	-------------------------------------------------------------------------------
(0)	-------------------------------------------------------------------------------
(0)	------------------------ Working for PLOT RO_FS_80-100 ------------------------
(0)	-------------------------------------------------------------------------------
(0)	-------------------------------------------------------------------------------
(0)	------------------------ Working for PLOT RO_PA_0-20 ------------------------
(0)	-------------------------------------------------------------------------------
(0)	-------------------------------------------------------------------------------
(0)	------------------------ Working for PLOT RO_PA_100-120 ------------------------
(0)	-------------------------------------------------------------------------------
(0)	-------------------------------------------------------------------------------
(0)	------------------------ Working for PLOT RO_PA_120-140 ------------------------
(0)	-------------------------------------------------------------------------------
(0)	-------------------------------------------------------------------------------
(0)	------------------------ Working for PLOT RO_PA_20-40 ------------------------
(0)	-------------------------------------------------------------------------------
(0)	-------------------------------------------------------------------------------
(0)	------------------------ Working for PLOT RO_PA_40-60 ------------------------
(0)	-------------------------------------------------------------------------------
(0)	-------------------------------------------------------------------------------
(0)	------------------------ Working for PLOT RO_PA_60-80 ------------------------
(0)	-------------------------------------------------------------------------------
(0)	-------------------------------------------------------------------------------
(0)	------------------------ Working for PLOT RO_PA_80-100 ------------------------
(0)	-------------------------------------------------------------------------------
(0)	-------------------------------------------------------------------------------
(0)	------------------------ Working for PLOT RO_QC_0-20 ------------------------
(0)	-------------------------------------------------------------------------------
(0)	-------------------------------------------------------------------------------
(0)	------------------------ Working for PLOT RO_QC_100-120 ------------------------
(0)	-------------------------------------------------------------------------------
(0)	-------------------------------------------------------------------------------
(0)	------------------------ Working for PLOT RO_QC_20-40 ------------------------
(0)	-------------------------------------------------------------------------------
(0)	-------------------------------------------------------------------------------
(0)	------------------------ Working for PLOT RO_QC_40-60 ------------------------
(0)	-------------------------------------------------------------------------------
(0)	-------------------------------------------------------------------------------
(0)	------------------------ Working for PLOT RO_QC_60-80 ------------------------
(0)	-------------------------------------------------------------------------------
(0)	-------------------------------------------------------------------------------
(0)	------------------------ Working for PLOT RO_QC_80-100 ------------------------
(0)	-------------------------------------------------------------------------------
(0)	-------------------------------------------------------------------------------
(0)	------------------------ Working for PLOT RO_QP_0-20 ------------------------
(0)	-------------------------------------------------------------------------------
(0)	-------------------------------------------------------------------------------
(0)	------------------------ Working for PLOT RO_QP_100-120 ------------------------
(0)	-------------------------------------------------------------------------------
(0)	-------------------------------------------------------------------------------
(0)	------------------------ Working for PLOT RO_QP_120-140 ------------------------
(0)	-------------------------------------------------------------------------------
(0)	-------------------------------------------------------------------------------
(0)	------------------------ Working for PLOT RO_QP_20-40 ------------------------
(0)	-------------------------------------------------------------------------------
(0)	-------------------------------------------------------------------------------
(0)	------------------------ Working for PLOT RO_QP_40-60 ------------------------
(0)	-------------------------------------------------------------------------------
(0)	-------------------------------------------------------------------------------
(0)	------------------------ Working for PLOT RO_QP_60-80 ------------------------
(0)	-------------------------------------------------------------------------------
(0)	-------------------------------------------------------------------------------
(0)	------------------------ Working for PLOT RO_QP_80-100 ------------------------
(0)	-------------------------------------------------------------------------------
(0)	-------------------------------------------------------------------------------
(0)	------------------------ Working for PLOT RO_QR_0-20 ------------------------
(0)	-------------------------------------------------------------------------------
(0)	-------------------------------------------------------------------------------
(0)	------------------------ Working for PLOT RO_QR_100-120 ------------------------
(0)	-------------------------------------------------------------------------------
(0)	-------------------------------------------------------------------------------
(0)	------------------------ Working for PLOT RO_QR_120-140 ------------------------
(0)	-------------------------------------------------------------------------------
(0)	-------------------------------------------------------------------------------
(0)	------------------------ Working for PLOT RO_QR_20-40 ------------------------
(0)	-------------------------------------------------------------------------------
(0)	-------------------------------------------------------------------------------
(0)	------------------------ Working for PLOT RO_QR_40-60 ------------------------
(0)	-------------------------------------------------------------------------------
(0)	-------------------------------------------------------------------------------
(0)	------------------------ Working for PLOT RO_QR_60-80 ------------------------
(0)	-------------------------------------------------------------------------------
(0)	-------------------------------------------------------------------------------
(0)	------------------------ Working for PLOT RO_QR_80-100 ------------------------
(0)	-------------------------------------------------------------------------------
(0)	-------------------------------------------------------------------------------
(0)	------------------------ Working for PLOT RO_RP_0-20 ------------------------
(0)	-------------------------------------------------------------------------------
(0)	-------------------------------------------------------------------------------
(0)	------------------------ Working for PLOT RO_RP_20-40 ------------------------
(0)	-------------------------------------------------------------------------------
(0)	-------------------------------------------------------------------------------
(0)	------------------------ Working for PLOT RO_RP_40-60 ------------------------
(0)	-------------------------------------------------------------------------------
(0)	-------------------------------------------------------------------------------
(0)	------------------------ Working for PLOT RO_RP_60-80 ------------------------
(0)	-------------------------------------------------------------------------------
(0)	-------------------------------------------------------------------------------
(0)	------------------------ Working for PLOT RO_SA_0-20 ------------------------
(0)	-------------------------------------------------------------------------------
(0)	-------------------------------------------------------------------------------
(0)	------------------------ Working for PLOT RO_SA_20-40 ------------------------
(0)	-------------------------------------------------------------------------------
(0)	-------------------------------------------------------------------------------
(0)	------------------------ Working for PLOT RO_SA_40-60 ------------------------
(0)	-------------------------------------------------------------------------------
(0)	-------------------------------------------------------------------------------
(0)	------------------------ Working for PLOT RO_SA_60-80 ------------------------
(0)	-------------------------------------------------------------------------------
(0)	-------------------------------------------------------------------------------
(0)	------------------------ Working for PLOT RO_SA_80-100 ------------------------
(0)	Calculated PI in 0.0265074 seconds
(0)	--------------------------------------------------------------
(0)	THE END
