(0,0)	SITENAME
(0,1)	Soroe
(1,0)	VERSION
(1,1)	f
(2,0)	SPATIAL
(2,1)	u
(3,0)	TIME
(3,1)	d
(4,0)	SPINUP
(4,1)	off
(5,0)	SPINUP_YEARS
(5,1)	6000
(6,0)	SCREEN_OUTPUT
(6,1)	off
(7,0)	DEBUG_OUTPUT
(7,1)	off
(8,0)	DAILY_OUTPUT
(8,1)	on
(9,0)	MONTHLY_OUTPUT
(9,1)	off
(10,0)	ANNUAL_OUTPUT
(10,1)	on
(11,0)	SOIL_OUTPUT
(11,1)	off
(12,0)	NETCDF_OUTPUT
(12,1)	off
(13,0)	YEAR_START
(13,1)	1997
(14,0)	YEAR_END
(14,1)	2099
(15,0)	YEAR_RESTART
(15,1)	off
(16,0)	PSN_mod
(16,1)	0
(17,0)	CO2_trans
(17,1)	on
(18,0)	YEAR_START_CO2_FIXED
(18,1)	2000
(19,0)	Ndep_fixed
(19,1)	on
(20,0)	Photo_accl
(20,1)	on
(21,0)	Resp_accl
(21,1)	on
(22,0)	regeneration
(22,1)	off
(23,0)	management
(23,1)	off
(24,0)	YEAR_START_MANAGEMENT
(24,1)	2020
(25,0)	Progn_Aut_Resp
(25,1)	on
(26,0)	SIZECELL
(26,1)	100
(27,0)	Y
(27,1)	0.48
(28,0)	CO2CONC
(28,1)	368.865
(29,0)	CO2_INCR
(29,1)	0.01
(30,0)	INIT_FRAC_MAXASW
(30,1)	1
(31,0)	TREE_LAYER_LIMIT
(31,1)	3
(32,0)	SOIL_LAYER
(32,1)	1
(33,0)	MAX_LAYER_COVER
(33,1)	1.2
(34,0)	THINNING_REGIME
(34,1)	missing
(34,2)	Above
(35,0)	REPLANTED_SPECIES
(35,1)	Fagussylvatica
(36,0)	REPLANTED_MANAGEMENT
(36,1)	T
(37,0)	REPLANTED_TREE
(37,1)	6000
(38,0)	REPLANTED_AGE
(38,1)	4
(39,0)	REPLANTED_AVDBH
(39,1)	1
(40,0)	REPLANTED_LAI
(40,1)	0
(41,0)	REPLANTED_HEIGHT
(41,1)	1.3
(42,0)	REPLANTED_WS
(42,1)	0
(43,0)	REPLANTED_WCR
(43,1)	0
(44,0)	REPLANTED_WFR
(44,1)	0
(45,0)	REPLANTED_WL
(45,1)	0
(46,0)	REPLANTED_WBB
(46,1)	0
(47,0)	REGENERATION_SPECIES
(47,1)	none
(48,0)	REGENERATION_MANAGEMENT
(48,1)	T
(49,0)	REGENERATION_N_TREE
(49,1)	-9999
(50,0)	REGENERATION_AGE
(50,1)	1
(51,0)	REGENERATION_AVDBH
(51,1)	0.1
(52,0)	REGENERATION_LAI
(52,1)	0.0
(53,0)	REGENERATION_HEIGHT
(53,1)	1.2
(54,0)	REGENERATION_WS
(54,1)	0
(55,0)	REGENERATION_WCR
(55,1)	0
(56,0)	REGENERATION_WFR
(56,1)	0
(57,0)	REGENERATION_WL
(57,1)	0
(58,0)	REGENERATION_WBB
(58,1)	0
(59,0)	PRUNING
(59,1)	off
(60,0)	IRRIGATION
(60,1)	off
