 Copyright (C) 1995-2019 - All Rights Reserved
 University Corporation for Atmospheric Research
 NCAR Command Language Version 6.6.2
 The use of this software is governed by a License Agreement.
 See http://www.ncl.ucar.edu/ for more details.
(0)	---------------
(0)	    Austria    
(0)	---------------
(0)	-------------------------------------------------------------------------------
(0)	-------------------------------------------------------------------------------
(0)	Working on CSA Austria for specie QP and age interval 0-20
(0)	-------------------------------------------------------------------------------
(0)	-------------------------------------------------------------------------------
(0)	Working on CSA Austria for specie QP and age interval 20-40
(0)	-------------------------------------------------------------------------------
(0)	-------------------------------------------------------------------------------
(0)	Working on CSA Austria for specie QP and age interval 40-60
(0)	-------------------------------------------------------------------------------
(0)	-------------------------------------------------------------------------------
(0)	Working on CSA Austria for specie QP and age interval 80-100
(0)	-------------------------------------------------------------------------------
(0)	-------------------------------------------------------------------------------
(0)	Working on CSA Austria for specie QP and age interval 120-140
(0)	-------------------------------------------------------------------------------
(0)	-------------------------------------------------------------------------------
(0)	Working on CSA Austria for specie QP and age interval 180-200
(0)	-------------------------------------------------------------------------------
(0)	-------------------------------------------------------------------------------
(0)	Working on CSA Austria for specie FS and age interval 0-20
(0)	-------------------------------------------------------------------------------
(0)	-------------------------------------------------------------------------------
(0)	Working on CSA Austria for specie FS and age interval 20-40
(0)	-------------------------------------------------------------------------------
(0)	-------------------------------------------------------------------------------
(0)	Working on CSA Austria for specie FS and age interval 40-60
(0)	-------------------------------------------------------------------------------
(0)	-------------------------------------------------------------------------------
(0)	Working on CSA Austria for specie FS and age interval 60-80
(0)	-------------------------------------------------------------------------------
(0)	-------------------------------------------------------------------------------
(0)	Working on CSA Austria for specie FS and age interval 100-120
(0)	-------------------------------------------------------------------------------
(0)	-------------------------------------------------------------------------------
(0)	Working on CSA Austria for specie FS and age interval 120-140
(0)	-------------------------------------------------------------------------------
(0)	-------------------------------------------------------------------------------
(0)	Working on CSA Austria for specie FS and age interval 160-180
(0)	---------------
(0)	    Romania    
(0)	---------------
(0)	-------------------------------------------------------------------------------
(0)	-------------------------------------------------------------------------------
(0)	Working on CSA Romania for specie AC and age interval 0-20
(0)	-------------------------------------------------------------------------------
(0)	-------------------------------------------------------------------------------
(0)	Working on CSA Romania for specie AC and age interval 20-40
(0)	-------------------------------------------------------------------------------
(0)	-------------------------------------------------------------------------------
(0)	Working on CSA Romania for specie AC and age interval 40-60
(0)	-------------------------------------------------------------------------------
(0)	-------------------------------------------------------------------------------
(0)	Working on CSA Romania for specie CB and age interval 0-20
(0)	-------------------------------------------------------------------------------
(0)	-------------------------------------------------------------------------------
(0)	Working on CSA Romania for specie CB and age interval 20-40
(0)	-------------------------------------------------------------------------------
(0)	-------------------------------------------------------------------------------
(0)	Working on CSA Romania for specie CB and age interval 40-60
(0)	-------------------------------------------------------------------------------
(0)	-------------------------------------------------------------------------------
(0)	Working on CSA Romania for specie CB and age interval 60-80
(0)	-------------------------------------------------------------------------------
(0)	-------------------------------------------------------------------------------
(0)	Working on CSA Romania for specie CB and age interval 80-100
(0)	-------------------------------------------------------------------------------
(0)	-------------------------------------------------------------------------------
(0)	Working on CSA Romania for specie FS and age interval 0-20
(0)	-------------------------------------------------------------------------------
(0)	-------------------------------------------------------------------------------
(0)	Working on CSA Romania for specie FS and age interval 100-120
(0)	-------------------------------------------------------------------------------
(0)	-------------------------------------------------------------------------------
(0)	Working on CSA Romania for specie FS and age interval 120-140
(0)	-------------------------------------------------------------------------------
(0)	-------------------------------------------------------------------------------
(0)	Working on CSA Romania for specie FS and age interval 140-160
(0)	-------------------------------------------------------------------------------
(0)	-------------------------------------------------------------------------------
(0)	Working on CSA Romania for specie FS and age interval 20-40
(0)	-------------------------------------------------------------------------------
(0)	-------------------------------------------------------------------------------
(0)	Working on CSA Romania for specie FS and age interval 40-60
(0)	-------------------------------------------------------------------------------
(0)	-------------------------------------------------------------------------------
(0)	Working on CSA Romania for specie FS and age interval 60-80
(0)	-------------------------------------------------------------------------------
(0)	-------------------------------------------------------------------------------
(0)	Working on CSA Romania for specie FS and age interval 80-100
(0)	-------------------------------------------------------------------------------
(0)	-------------------------------------------------------------------------------
(0)	Working on CSA Romania for specie PA and age interval 0-20
(0)	-------------------------------------------------------------------------------
(0)	-------------------------------------------------------------------------------
(0)	Working on CSA Romania for specie PA and age interval 100-120
(0)	-------------------------------------------------------------------------------
(0)	-------------------------------------------------------------------------------
(0)	Working on CSA Romania for specie PA and age interval 120-140
(0)	-------------------------------------------------------------------------------
(0)	-------------------------------------------------------------------------------
(0)	Working on CSA Romania for specie PA and age interval 20-40
(0)	-------------------------------------------------------------------------------
(0)	-------------------------------------------------------------------------------
(0)	Working on CSA Romania for specie PA and age interval 40-60
(0)	-------------------------------------------------------------------------------
(0)	-------------------------------------------------------------------------------
(0)	Working on CSA Romania for specie PA and age interval 60-80
(0)	-------------------------------------------------------------------------------
(0)	-------------------------------------------------------------------------------
(0)	Working on CSA Romania for specie PA and age interval 80-100
(0)	-------------------------------------------------------------------------------
(0)	-------------------------------------------------------------------------------
(0)	Working on CSA Romania for specie QC and age interval 0-20
(0)	-------------------------------------------------------------------------------
(0)	-------------------------------------------------------------------------------
(0)	Working on CSA Romania for specie QC and age interval 100-120
(0)	-------------------------------------------------------------------------------
(0)	-------------------------------------------------------------------------------
(0)	Working on CSA Romania for specie QC and age interval 20-40
(0)	-------------------------------------------------------------------------------
(0)	-------------------------------------------------------------------------------
(0)	Working on CSA Romania for specie QC and age interval 40-60
(0)	-------------------------------------------------------------------------------
(0)	-------------------------------------------------------------------------------
(0)	Working on CSA Romania for specie QC and age interval 60-80
(0)	-------------------------------------------------------------------------------
(0)	-------------------------------------------------------------------------------
(0)	Working on CSA Romania for specie QC and age interval 80-100
(0)	-------------------------------------------------------------------------------
(0)	-------------------------------------------------------------------------------
(0)	Working on CSA Romania for specie QP and age interval 0-20
(0)	-------------------------------------------------------------------------------
(0)	-------------------------------------------------------------------------------
(0)	Working on CSA Romania for specie QP and age interval 100-120
(0)	-------------------------------------------------------------------------------
(0)	-------------------------------------------------------------------------------
(0)	Working on CSA Romania for specie QP and age interval 120-140
(0)	-------------------------------------------------------------------------------
(0)	-------------------------------------------------------------------------------
(0)	Working on CSA Romania for specie QP and age interval 20-40
(0)	-------------------------------------------------------------------------------
(0)	-------------------------------------------------------------------------------
(0)	Working on CSA Romania for specie QP and age interval 40-60
(0)	-------------------------------------------------------------------------------
(0)	-------------------------------------------------------------------------------
(0)	Working on CSA Romania for specie QP and age interval 60-80
(0)	-------------------------------------------------------------------------------
(0)	-------------------------------------------------------------------------------
(0)	Working on CSA Romania for specie QP and age interval 80-100
(0)	-------------------------------------------------------------------------------
(0)	-------------------------------------------------------------------------------
(0)	Working on CSA Romania for specie QR and age interval 0-20
(0)	-------------------------------------------------------------------------------
(0)	-------------------------------------------------------------------------------
(0)	Working on CSA Romania for specie QR and age interval 100-120
(0)	-------------------------------------------------------------------------------
(0)	-------------------------------------------------------------------------------
(0)	Working on CSA Romania for specie QR and age interval 120-140
(0)	-------------------------------------------------------------------------------
(0)	-------------------------------------------------------------------------------
(0)	Working on CSA Romania for specie QR and age interval 20-40
(0)	-------------------------------------------------------------------------------
(0)	-------------------------------------------------------------------------------
(0)	Working on CSA Romania for specie QR and age interval 40-60
(0)	-------------------------------------------------------------------------------
(0)	-------------------------------------------------------------------------------
(0)	Working on CSA Romania for specie QR and age interval 60-80
(0)	-------------------------------------------------------------------------------
(0)	-------------------------------------------------------------------------------
(0)	Working on CSA Romania for specie QR and age interval 80-100
(0)	-------------------------------------------------------------------------------
(0)	-------------------------------------------------------------------------------
(0)	Working on CSA Romania for specie RP and age interval 0-20
(0)	-------------------------------------------------------------------------------
(0)	-------------------------------------------------------------------------------
(0)	Working on CSA Romania for specie RP and age interval 20-40
(0)	-------------------------------------------------------------------------------
(0)	-------------------------------------------------------------------------------
(0)	Working on CSA Romania for specie RP and age interval 40-60
(0)	-------------------------------------------------------------------------------
(0)	-------------------------------------------------------------------------------
(0)	Working on CSA Romania for specie RP and age interval 60-80
(0)	-------------------------------------------------------------------------------
(0)	-------------------------------------------------------------------------------
(0)	Working on CSA Romania for specie SA and age interval 0-20
(0)	-------------------------------------------------------------------------------
(0)	-------------------------------------------------------------------------------
(0)	Working on CSA Romania for specie SA and age interval 20-40
(0)	-------------------------------------------------------------------------------
(0)	-------------------------------------------------------------------------------
(0)	Working on CSA Romania for specie SA and age interval 40-60
(0)	-------------------------------------------------------------------------------
(0)	-------------------------------------------------------------------------------
(0)	Working on CSA Romania for specie SA and age interval 60-80
(0)	-------------------------------------------------------------------------------
(0)	-------------------------------------------------------------------------------
(0)	Working on CSA Romania for specie SA and age interval 80-100
(0)	---------------
(0)	    Italy    
(0)	---------------
(0)	-------------------------------------------------------------------------------
(0)	-------------------------------------------------------------------------------
(0)	Working on CSA Italy for specie AA and age interval 40-60
(0)	-------------------------------------------------------------------------------
(0)	-------------------------------------------------------------------------------
(0)	Working on CSA Italy for specie AA and age interval 60-80
(0)	-------------------------------------------------------------------------------
(0)	-------------------------------------------------------------------------------
(0)	Working on CSA Italy for specie AA and age interval 80-100
(0)	-------------------------------------------------------------------------------
(0)	-------------------------------------------------------------------------------
(0)	Working on CSA Italy for specie AA and age interval 100-120
(0)	-------------------------------------------------------------------------------
(0)	-------------------------------------------------------------------------------
(0)	Working on CSA Italy for specie AA and age interval 120-140
(0)	-------------------------------------------------------------------------------
(0)	-------------------------------------------------------------------------------
(0)	Working on CSA Italy for specie AA and age interval 140-240
(0)	-------------------------------------------------------------------------------
(0)	-------------------------------------------------------------------------------
(0)	Working on CSA Italy for specie FS and age interval 20-40
(0)	-------------------------------------------------------------------------------
(0)	-------------------------------------------------------------------------------
(0)	Working on CSA Italy for specie FS and age interval 40-60
(0)	-------------------------------------------------------------------------------
(0)	-------------------------------------------------------------------------------
(0)	Working on CSA Italy for specie FS and age interval 60-80
(0)	-------------------------------------------------------------------------------
(0)	-------------------------------------------------------------------------------
(0)	Working on CSA Italy for specie FS and age interval 80-100
(0)	-------------------------------------------------------------------------------
(0)	-------------------------------------------------------------------------------
(0)	Working on CSA Italy for specie FS and age interval 100-120
(0)	-------------------------------------------------------------------------------
(0)	-------------------------------------------------------------------------------
(0)	Working on CSA Italy for specie FS and age interval 120-140
(0)	-------------------------------------------------------------------------------
(0)	-------------------------------------------------------------------------------
(0)	Working on CSA Italy for specie FS and age interval 140-240
(0)	-------------------------------------------------------------------------------
(0)	-------------------------------------------------------------------------------
(0)	Working on CSA Italy for specie PM and age interval 40-60
(0)	-------------------------------------------------------------------------------
(0)	-------------------------------------------------------------------------------
(0)	Working on CSA Italy for specie PM and age interval 80-100
(0)	-------------------------------------------------------------------------------
(0)	-------------------------------------------------------------------------------
(0)	Working on CSA Italy for specie PN and age interval 0-20
(0)	-------------------------------------------------------------------------------
(0)	-------------------------------------------------------------------------------
(0)	Working on CSA Italy for specie PN and age interval 20-40
(0)	-------------------------------------------------------------------------------
(0)	-------------------------------------------------------------------------------
(0)	Working on CSA Italy for specie PN and age interval 40-60
(0)	-------------------------------------------------------------------------------
(0)	-------------------------------------------------------------------------------
(0)	Working on CSA Italy for specie PN and age interval 60-80
(0)	-------------------------------------------------------------------------------
(0)	-------------------------------------------------------------------------------
(0)	Working on CSA Italy for specie PN and age interval 80-100
(0)	-------------------------------------------------------------------------------
(0)	-------------------------------------------------------------------------------
(0)	Working on CSA Italy for specie PN and age interval 120-140
(0)	-------------------------------------------------------------------------------
(0)	-------------------------------------------------------------------------------
(0)	Working on CSA Italy for specie QC and age interval 0-20
(0)	-------------------------------------------------------------------------------
(0)	-------------------------------------------------------------------------------
(0)	Working on CSA Italy for specie QC and age interval 20-40
(0)	-------------------------------------------------------------------------------
(0)	-------------------------------------------------------------------------------
(0)	Working on CSA Italy for specie QC and age interval 40-60
(0)	-------------------------------------------------------------------------------
(0)	-------------------------------------------------------------------------------
(0)	Working on CSA Italy for specie QC and age interval 60-80
(0)	Calculated PI in 0.978414 seconds
(0)	--------------------------------------------------------------
(0)	THE END
