 Copyright (C) 1995-2019 - All Rights Reserved
 University Corporation for Atmospheric Research
 NCAR Command Language Version 6.6.2
 The use of this software is governed by a License Agreement.
 See http://www.ncl.ucar.edu/ for more details.
(0)	-------------------------------------------------------------------------------
(0)	-------------------------------------------------------------------------------
(0)	--------------------------- Working for CSA Austria ---------------------------
(0)	-------------------------------------------------------------------------------
(0)	Plot AT_QP_0-20 with lat 48.2104 and lon 16.1469
(0)	 --> nearest ESM lat(1737) 48.2137 and lon(5208) 16.1471
(0)	-------------------------------------------------------------------------------
(0)	-------------------------------------------------------------------------------
(0)	Plot AT_QP_20-40 with lat 48.2489 and lon 16.2119
(0)	 --> nearest ESM lat(1741) 48.2501 and lon(5215) 16.2108
(0)	-------------------------------------------------------------------------------
(0)	-------------------------------------------------------------------------------
(0)	Plot AT_QP_40-60 with lat 48.2657 and lon 16.1669
(0)	 --> nearest ESM lat(1743) 48.2683 and lon(5210) 16.1653
(0)	-------------------------------------------------------------------------------
(0)	-------------------------------------------------------------------------------
(0)	Plot AT_QP_80-100 with lat 48.2274 and lon 16.1279
(0)	 --> nearest ESM lat(1739) 48.2319 and lon(5206) 16.1289
(0)	-------------------------------------------------------------------------------
(0)	-------------------------------------------------------------------------------
(0)	Plot AT_QP_120-140 with lat 48.2924 and lon 16.2437
(0)	 --> nearest ESM lat(1746) 48.2957 and lon(5219) 16.2473
(0)	-------------------------------------------------------------------------------
(0)	-------------------------------------------------------------------------------
(0)	Plot AT_QP_180-200 with lat 48.2207 and lon 16.1718
(0)	 --> nearest ESM lat(1738) 48.2228 and lon(5211) 16.1744
(0)	-------------------------------------------------------------------------------
(0)	-------------------------------------------------------------------------------
(0)	Plot AT_FS_0-20 with lat 48.2899 and lon 16.2351
(0)	 --> nearest ESM lat(1745) 48.2866 and lon(5218) 16.2382
(0)	-------------------------------------------------------------------------------
(0)	-------------------------------------------------------------------------------
(0)	Plot AT_FS_20-40 with lat 48.2899 and lon 16.2351
(0)	 --> nearest ESM lat(1745) 48.2866 and lon(5218) 16.2382
(0)	-------------------------------------------------------------------------------
(0)	-------------------------------------------------------------------------------
(0)	Plot AT_FS_40-60 with lat 48.2899 and lon 16.2351
(0)	 --> nearest ESM lat(1745) 48.2866 and lon(5218) 16.2382
(0)	-------------------------------------------------------------------------------
(0)	-------------------------------------------------------------------------------
(0)	Plot AT_FS_60-80 with lat 48.2899 and lon 16.2351
(0)	 --> nearest ESM lat(1745) 48.2866 and lon(5218) 16.2382
(0)	-------------------------------------------------------------------------------
(0)	-------------------------------------------------------------------------------
(0)	Plot AT_FS_100-120 with lat 48.2899 and lon 16.2351
(0)	 --> nearest ESM lat(1745) 48.2866 and lon(5218) 16.2382
(0)	-------------------------------------------------------------------------------
(0)	-------------------------------------------------------------------------------
(0)	Plot AT_FS_120-140 with lat 48.2899 and lon 16.2351
(0)	 --> nearest ESM lat(1745) 48.2866 and lon(5218) 16.2382
(0)	-------------------------------------------------------------------------------
(0)	-------------------------------------------------------------------------------
(0)	Plot AT_FS_160-180 with lat 48.2899 and lon 16.2351
(0)	 --> nearest ESM lat(1745) 48.2866 and lon(5218) 16.2382
(0)	-------------------------------------------------------------------------------
(0)	-------------------------------------------------------------------------------
(0)	-------------------------------------------------------------------------------
(0)	--------------------------- Working for CSA Romania ---------------------------
(0)	-------------------------------------------------------------------------------
(0)	Plot RO_AC_0-20 with lat 44.38 and lon 25.48
(0)	 --> nearest ESM lat(1316) 44.3807 and lon(6233) 25.4794
(0)	-------------------------------------------------------------------------------
(0)	-------------------------------------------------------------------------------
(0)	Plot RO_AC_20-40 with lat 44.371 and lon 25.084
(0)	 --> nearest ESM lat(1315) 44.3715 and lon(6190) 25.0879
(0)	-------------------------------------------------------------------------------
(0)	-------------------------------------------------------------------------------
(0)	Plot RO_AC_40-60 with lat 45.34 and lon 24.637
(0)	 --> nearest ESM lat(1421) 45.3366 and lon(6140) 24.6327
(0)	-------------------------------------------------------------------------------
(0)	-------------------------------------------------------------------------------
(0)	Plot RO_CB_0-20 with lat 44.867 and lon 24.796
(0)	 --> nearest ESM lat(1369) 44.8632 and lon(6158) 24.7965
(0)	-------------------------------------------------------------------------------
(0)	-------------------------------------------------------------------------------
(0)	Plot RO_CB_20-40 with lat 44.939 and lon 24.862
(0)	 --> nearest ESM lat(1377) 44.936 and lon(6165) 24.8603
(0)	-------------------------------------------------------------------------------
(0)	-------------------------------------------------------------------------------
(0)	Plot RO_CB_40-60 with lat 44.988 and lon 24.818
(0)	 --> nearest ESM lat(1383) 44.9907 and lon(6160) 24.8147
(0)	-------------------------------------------------------------------------------
(0)	-------------------------------------------------------------------------------
(0)	Plot RO_CB_60-80 with lat 44.786 and lon 24.952
(0)	 --> nearest ESM lat(1361) 44.7904 and lon(6175) 24.9513
(0)	-------------------------------------------------------------------------------
(0)	-------------------------------------------------------------------------------
(0)	Plot RO_CB_80-100 with lat 45.109 and lon 24.872
(0)	 --> nearest ESM lat(1396) 45.109 and lon(6166) 24.8694
(0)	-------------------------------------------------------------------------------
(0)	-------------------------------------------------------------------------------
(0)	Plot RO_FS_0-20 with lat 45.316 and lon 24.838
(0)	 --> nearest ESM lat(1419) 45.3184 and lon(6163) 24.8421
(0)	-------------------------------------------------------------------------------
(0)	-------------------------------------------------------------------------------
(0)	Plot RO_FS_100-120 with lat 45.208 and lon 24.829
(0)	 --> nearest ESM lat(1407) 45.2092 and lon(6162) 24.833
(0)	-------------------------------------------------------------------------------
(0)	-------------------------------------------------------------------------------
(0)	Plot RO_FS_120-140 with lat 45.349 and lon 24.749
(0)	 --> nearest ESM lat(1422) 45.3457 and lon(6153) 24.751
(0)	-------------------------------------------------------------------------------
(0)	-------------------------------------------------------------------------------
(0)	Plot RO_FS_140-160 with lat 45.366 and lon 24.711
(0)	 --> nearest ESM lat(1424) 45.364 and lon(6149) 24.7146
(0)	-------------------------------------------------------------------------------
(0)	-------------------------------------------------------------------------------
(0)	Plot RO_FS_20-40 with lat 45.268 and lon 24.832
(0)	 --> nearest ESM lat(1413) 45.2638 and lon(6162) 24.833
(0)	-------------------------------------------------------------------------------
(0)	-------------------------------------------------------------------------------
(0)	Plot RO_FS_40-60 with lat 45.229 and lon 24.855
(0)	 --> nearest ESM lat(1409) 45.2274 and lon(6164) 24.8512
(0)	-------------------------------------------------------------------------------
(0)	-------------------------------------------------------------------------------
(0)	Plot RO_FS_60-80 with lat 45.306 and lon 24.85
(0)	 --> nearest ESM lat(1418) 45.3093 and lon(6164) 24.8512
(0)	-------------------------------------------------------------------------------
(0)	-------------------------------------------------------------------------------
(0)	Plot RO_FS_80-100 with lat 45.217 and lon 24.88
(0)	 --> nearest ESM lat(1408) 45.2183 and lon(6167) 24.8785
(0)	-------------------------------------------------------------------------------
(0)	-------------------------------------------------------------------------------
(0)	Plot RO_PA_0-20 with lat 45.411 and lon 24.717
(0)	 --> nearest ESM lat(1429) 45.4095 and lon(6149) 24.7146
(0)	-------------------------------------------------------------------------------
(0)	-------------------------------------------------------------------------------
(0)	Plot RO_PA_100-120 with lat 45.41 and lon 24.967
(0)	 --> nearest ESM lat(1429) 45.4095 and lon(6177) 24.9695
(0)	-------------------------------------------------------------------------------
(0)	-------------------------------------------------------------------------------
(0)	Plot RO_PA_120-140 with lat 45.494 and lon 25.073
(0)	 --> nearest ESM lat(1438) 45.4914 and lon(6188) 25.0697
(0)	-------------------------------------------------------------------------------
(0)	-------------------------------------------------------------------------------
(0)	Plot RO_PA_20-40 with lat 45.445 and lon 24.885
(0)	 --> nearest ESM lat(1433) 45.4459 and lon(6168) 24.8876
(0)	-------------------------------------------------------------------------------
(0)	-------------------------------------------------------------------------------
(0)	Plot RO_PA_40-60 with lat 45.4 and lon 25.069
(0)	 --> nearest ESM lat(1428) 45.4004 and lon(6188) 25.0697
(0)	-------------------------------------------------------------------------------
(0)	-------------------------------------------------------------------------------
(0)	Plot RO_PA_60-80 with lat 45.464 and lon 24.948
(0)	 --> nearest ESM lat(1435) 45.4641 and lon(6175) 24.9513
(0)	-------------------------------------------------------------------------------
(0)	-------------------------------------------------------------------------------
(0)	Plot RO_PA_80-100 with lat 45.457 and lon 24.861
(0)	 --> nearest ESM lat(1434) 45.455 and lon(6165) 24.8603
(0)	-------------------------------------------------------------------------------
(0)	-------------------------------------------------------------------------------
(0)	Plot RO_QC_0-20 with lat 44.342 and lon 24.921
(0)	 --> nearest ESM lat(1312) 44.3442 and lon(6172) 24.924
(0)	-------------------------------------------------------------------------------
(0)	-------------------------------------------------------------------------------
(0)	Plot RO_QC_100-120 with lat 44.17 and lon 24.95
(0)	 --> nearest ESM lat(1293) 44.1712 and lon(6175) 24.9513
(0)	-------------------------------------------------------------------------------
(0)	-------------------------------------------------------------------------------
(0)	Plot RO_QC_20-40 with lat 44.4 and lon 25.143
(0)	 --> nearest ESM lat(1318) 44.3989 and lon(6196) 25.1425
(0)	-------------------------------------------------------------------------------
(0)	-------------------------------------------------------------------------------
(0)	Plot RO_QC_40-60 with lat 44.401 and lon 25.268
(0)	 --> nearest ESM lat(1318) 44.3989 and lon(6210) 25.27
(0)	-------------------------------------------------------------------------------
(0)	-------------------------------------------------------------------------------
(0)	Plot RO_QC_60-80 with lat 44.317 and lon 25.261
(0)	 --> nearest ESM lat(1309) 44.3169 and lon(6209) 25.2609
(0)	-------------------------------------------------------------------------------
(0)	-------------------------------------------------------------------------------
(0)	Plot RO_QC_80-100 with lat 44.51 and lon 24.882
(0)	 --> nearest ESM lat(1330) 44.5081 and lon(6167) 24.8785
(0)	-------------------------------------------------------------------------------
(0)	-------------------------------------------------------------------------------
(0)	Plot RO_QP_0-20 with lat 44.915 and lon 24.999
(0)	 --> nearest ESM lat(1375) 44.9178 and lon(6180) 24.9968
(0)	-------------------------------------------------------------------------------
(0)	-------------------------------------------------------------------------------
(0)	Plot RO_QP_100-120 with lat 44.828 and lon 24.837
(0)	 --> nearest ESM lat(1365) 44.8268 and lon(6162) 24.833
(0)	-------------------------------------------------------------------------------
(0)	-------------------------------------------------------------------------------
(0)	Plot RO_QP_120-140 with lat 44.926 and lon 24.95
(0)	 --> nearest ESM lat(1376) 44.9269 and lon(6175) 24.9513
(0)	-------------------------------------------------------------------------------
(0)	-------------------------------------------------------------------------------
(0)	Plot RO_QP_20-40 with lat 44.801 and lon 24.891
(0)	 --> nearest ESM lat(1362) 44.7995 and lon(6168) 24.8876
(0)	-------------------------------------------------------------------------------
(0)	-------------------------------------------------------------------------------
(0)	Plot RO_QP_40-60 with lat 44.973 and lon 24.869
(0)	 --> nearest ESM lat(1381) 44.9725 and lon(6166) 24.8694
(0)	-------------------------------------------------------------------------------
(0)	-------------------------------------------------------------------------------
(0)	Plot RO_QP_60-80 with lat 44.957 and lon 24.845
(0)	 --> nearest ESM lat(1379) 44.9542 and lon(6163) 24.8421
(0)	-------------------------------------------------------------------------------
(0)	-------------------------------------------------------------------------------
(0)	Plot RO_QP_80-100 with lat 44.911 and lon 24.803
(0)	 --> nearest ESM lat(1374) 44.9087 and lon(6159) 24.8056
(0)	-------------------------------------------------------------------------------
(0)	-------------------------------------------------------------------------------
(0)	Plot RO_QR_0-20 with lat 43.95 and lon 24.98
(0)	 --> nearest ESM lat(1269) 43.9527 and lon(6178) 24.9786
(0)	-------------------------------------------------------------------------------
(0)	-------------------------------------------------------------------------------
(0)	Plot RO_QR_100-120 with lat 44.14 and lon 25.052
(0)	 --> nearest ESM lat(1290) 44.1439 and lon(6186) 25.0515
(0)	-------------------------------------------------------------------------------
(0)	-------------------------------------------------------------------------------
(0)	Plot RO_QR_120-140 with lat 43.97 and lon 24.67
(0)	 --> nearest ESM lat(1271) 43.9709 and lon(6144) 24.6691
(0)	-------------------------------------------------------------------------------
(0)	-------------------------------------------------------------------------------
(0)	Plot RO_QR_20-40 with lat 44.3 and lon 25.036
(0)	 --> nearest ESM lat(1307) 44.2987 and lon(6184) 25.0333
(0)	-------------------------------------------------------------------------------
(0)	-------------------------------------------------------------------------------
(0)	Plot RO_QR_40-60 with lat 44.393 and lon 25.049
(0)	 --> nearest ESM lat(1317) 44.3898 and lon(6186) 25.0515
(0)	-------------------------------------------------------------------------------
(0)	-------------------------------------------------------------------------------
(0)	Plot RO_QR_60-80 with lat 44.284 and lon 24.897
(0)	 --> nearest ESM lat(1305) 44.2805 and lon(6169) 24.8967
(0)	-------------------------------------------------------------------------------
(0)	-------------------------------------------------------------------------------
(0)	Plot RO_QR_80-100 with lat 44.356 and lon 24.91
(0)	 --> nearest ESM lat(1313) 44.3533 and lon(6170) 24.9058
(0)	-------------------------------------------------------------------------------
(0)	-------------------------------------------------------------------------------
(0)	Plot RO_RP_0-20 with lat 44.293 and lon 25.027
(0)	 --> nearest ESM lat(1306) 44.2896 and lon(6183) 25.0242
(0)	-------------------------------------------------------------------------------
(0)	-------------------------------------------------------------------------------
(0)	Plot RO_RP_20-40 with lat 44.882 and lon 24.799
(0)	 --> nearest ESM lat(1371) 44.8814 and lon(6158) 24.7965
(0)	-------------------------------------------------------------------------------
(0)	-------------------------------------------------------------------------------
(0)	Plot RO_RP_40-60 with lat 44.988 and lon 24.838
(0)	 --> nearest ESM lat(1383) 44.9907 and lon(6163) 24.8421
(0)	-------------------------------------------------------------------------------
(0)	-------------------------------------------------------------------------------
(0)	Plot RO_RP_60-80 with lat 45.14 and lon 24.65
(0)	 --> nearest ESM lat(1399) 45.1363 and lon(6142) 24.6509
(0)	-------------------------------------------------------------------------------
(0)	-------------------------------------------------------------------------------
(0)	Plot RO_SA_0-20 with lat 45.009 and lon 24.751
(0)	 --> nearest ESM lat(1385) 45.0089 and lon(6153) 24.751
(0)	-------------------------------------------------------------------------------
(0)	-------------------------------------------------------------------------------
(0)	Plot RO_SA_20-40 with lat 44.146 and lon 25.152
(0)	 --> nearest ESM lat(1290) 44.1439 and lon(6197) 25.1516
(0)	-------------------------------------------------------------------------------
(0)	-------------------------------------------------------------------------------
(0)	Plot RO_SA_40-60 with lat 44.783 and lon 24.738
(0)	 --> nearest ESM lat(1360) 44.7813 and lon(6152) 24.7419
(0)	-------------------------------------------------------------------------------
(0)	-------------------------------------------------------------------------------
(0)	Plot RO_SA_60-80 with lat 44.78 and lon 25.08
(0)	 --> nearest ESM lat(1360) 44.7813 and lon(6189) 25.0788
(0)	-------------------------------------------------------------------------------
(0)	-------------------------------------------------------------------------------
(0)	Plot RO_SA_80-100 with lat 44.78 and lon 25.08
(0)	 --> nearest ESM lat(1360) 44.7813 and lon(6189) 25.0788
(0)	-------------------------------------------------------------------------------
(0)	-------------------------------------------------------------------------------
(0)	-------------------------------------------------------------------------------
(0)	--------------------------- Working for CSA Italy ---------------------------
(0)	-------------------------------------------------------------------------------
(0)	Plot IT_AA_40-60 with lat 43.7288 and lon 11.5675
(0)	 --> nearest ESM lat(1244) 43.7251 and lon(4705) 11.5675
(0)	-------------------------------------------------------------------------------
(0)	-------------------------------------------------------------------------------
(0)	Plot IT_AA_60-80 with lat 43.7347 and lon 11.5686
(0)	 --> nearest ESM lat(1245) 43.7342 and lon(4705) 11.5675
(0)	-------------------------------------------------------------------------------
(0)	-------------------------------------------------------------------------------
(0)	Plot IT_AA_80-100 with lat 43.7375 and lon 11.5651
(0)	 --> nearest ESM lat(1245) 43.7342 and lon(4705) 11.5675
(0)	-------------------------------------------------------------------------------
(0)	-------------------------------------------------------------------------------
(0)	Plot IT_AA_100-120 with lat 43.7369 and lon 11.5631
(0)	 --> nearest ESM lat(1245) 43.7342 and lon(4705) 11.5675
(0)	-------------------------------------------------------------------------------
(0)	-------------------------------------------------------------------------------
(0)	Plot IT_AA_120-140 with lat 43.7332 and lon 11.5656
(0)	 --> nearest ESM lat(1245) 43.7342 and lon(4705) 11.5675
(0)	-------------------------------------------------------------------------------
(0)	-------------------------------------------------------------------------------
(0)	Plot IT_AA_140-240 with lat 43.7405 and lon 11.5697
(0)	 --> nearest ESM lat(1246) 43.7433 and lon(4705) 11.5675
(0)	-------------------------------------------------------------------------------
(0)	-------------------------------------------------------------------------------
(0)	Plot IT_FS_20-40 with lat 43.8806 and lon 11.6345
(0)	 --> nearest ESM lat(1261) 43.8799 and lon(4712) 11.6312
(0)	-------------------------------------------------------------------------------
(0)	-------------------------------------------------------------------------------
(0)	Plot IT_FS_40-60 with lat 43.7371 and lon 11.566
(0)	 --> nearest ESM lat(1245) 43.7342 and lon(4705) 11.5675
(0)	-------------------------------------------------------------------------------
(0)	-------------------------------------------------------------------------------
(0)	Plot IT_FS_60-80 with lat 43.7384 and lon 11.5677
(0)	 --> nearest ESM lat(1245) 43.7342 and lon(4705) 11.5675
(0)	-------------------------------------------------------------------------------
(0)	-------------------------------------------------------------------------------
(0)	Plot IT_FS_80-100 with lat 43.7324 and lon 11.5725
(0)	 --> nearest ESM lat(1245) 43.7342 and lon(4706) 11.5766
(0)	-------------------------------------------------------------------------------
(0)	-------------------------------------------------------------------------------
(0)	Plot IT_FS_100-120 with lat 43.7377 and lon 11.5734
(0)	 --> nearest ESM lat(1245) 43.7342 and lon(4706) 11.5766
(0)	-------------------------------------------------------------------------------
(0)	-------------------------------------------------------------------------------
(0)	Plot IT_FS_120-140 with lat 43.7371 and lon 11.5705
(0)	 --> nearest ESM lat(1245) 43.7342 and lon(4705) 11.5675
(0)	-------------------------------------------------------------------------------
(0)	-------------------------------------------------------------------------------
(0)	Plot IT_FS_140-240 with lat 43.7346 and lon 11.5718
(0)	 --> nearest ESM lat(1245) 43.7342 and lon(4705) 11.5675
(0)	-------------------------------------------------------------------------------
(0)	-------------------------------------------------------------------------------
(0)	Plot IT_PM_40-60 with lat 43.8735 and lon 11.6262
(0)	 --> nearest ESM lat(1260) 43.8708 and lon(4711) 11.6221
(0)	-------------------------------------------------------------------------------
(0)	-------------------------------------------------------------------------------
(0)	Plot IT_PM_80-100 with lat 43.7386 and lon 11.5668
(0)	 --> nearest ESM lat(1245) 43.7342 and lon(4705) 11.5675
(0)	-------------------------------------------------------------------------------
(0)	-------------------------------------------------------------------------------
(0)	Plot IT_PN_0-20 with lat 43.7417 and lon 11.5522
(0)	 --> nearest ESM lat(1246) 43.7433 and lon(4703) 11.5493
(0)	-------------------------------------------------------------------------------
(0)	-------------------------------------------------------------------------------
(0)	Plot IT_PN_20-40 with lat 43.8794 and lon 11.6291
(0)	 --> nearest ESM lat(1261) 43.8799 and lon(4712) 11.6312
(0)	-------------------------------------------------------------------------------
(0)	-------------------------------------------------------------------------------
(0)	Plot IT_PN_40-60 with lat 43.8693 and lon 11.6251
(0)	 --> nearest ESM lat(1260) 43.8708 and lon(4711) 11.6221
(0)	-------------------------------------------------------------------------------
(0)	-------------------------------------------------------------------------------
(0)	Plot IT_PN_60-80 with lat 43.7346 and lon 11.5628
(0)	 --> nearest ESM lat(1245) 43.7342 and lon(4704) 11.5584
(0)	-------------------------------------------------------------------------------
(0)	-------------------------------------------------------------------------------
(0)	Plot IT_PN_80-100 with lat 43.7458 and lon 11.538
(0)	 --> nearest ESM lat(1246) 43.7433 and lon(4702) 11.5402
(0)	-------------------------------------------------------------------------------
(0)	-------------------------------------------------------------------------------
(0)	Plot IT_PN_120-140 with lat 43.761 and lon 11.5756
(0)	 --> nearest ESM lat(1248) 43.7615 and lon(4706) 11.5766
(0)	-------------------------------------------------------------------------------
(0)	-------------------------------------------------------------------------------
(0)	Plot IT_QC_0-20 with lat 43.8818 and lon 11.616
(0)	 --> nearest ESM lat(1261) 43.8799 and lon(4710) 11.613
(0)	-------------------------------------------------------------------------------
(0)	-------------------------------------------------------------------------------
(0)	Plot IT_QC_20-40 with lat 43.8795 and lon 11.6175
(0)	 --> nearest ESM lat(1261) 43.8799 and lon(4710) 11.613
(0)	-------------------------------------------------------------------------------
(0)	-------------------------------------------------------------------------------
(0)	Plot IT_QC_40-60 with lat 43.8788 and lon 11.6153
(0)	 --> nearest ESM lat(1261) 43.8799 and lon(4710) 11.613
(0)	-------------------------------------------------------------------------------
(0)	-------------------------------------------------------------------------------
(0)	Plot IT_QC_60-80 with lat 43.7458 and lon 11.5595
(0)	 --> nearest ESM lat(1246) 43.7433 and lon(4704) 11.5584
(0)	-------------------------------------------------------------------------------
(0)	Calculated PI in 0.314126 seconds
(0)	--------------------------------------------------------------
(0)	THE END
