 Copyright (C) 1995-2019 - All Rights Reserved
 University Corporation for Atmospheric Research
 NCAR Command Language Version 6.6.2
 The use of this software is governed by a License Agreement.
 See http://www.ncl.ucar.edu/ for more details.
(0)	-------------------------------------------------------------------------------
(0)	-------------------------------------------------------------------------------
(0)	Working on RACMO22 for scenario RCP26 and CSA Austria
(0)	-------------------------------------------------------------------------------
(0)	Plot AT_QP_0-20 with lat 48.2104 and lon 16.1469
(0)	 --> nearest ESM lat(28) 48.2 and lon(41) 16.1
(0)	-------------------------------------------------------------------------------
(0)	-------------------------------------------------------------------------------
(0)	Plot AT_QP_20-40 with lat 48.2489 and lon 16.2119
(0)	 --> nearest ESM lat(28) 48.2 and lon(42) 16.2
(0)	-------------------------------------------------------------------------------
(0)	-------------------------------------------------------------------------------
(0)	Plot AT_QP_40-60 with lat 48.2657 and lon 16.1669
(0)	 --> nearest ESM lat(27) 48.3 and lon(42) 16.2
(0)	-------------------------------------------------------------------------------
(0)	-------------------------------------------------------------------------------
(0)	Plot AT_QP_80-100 with lat 48.2274 and lon 16.1279
(0)	 --> nearest ESM lat(28) 48.2 and lon(41) 16.1
(0)	-------------------------------------------------------------------------------
(0)	-------------------------------------------------------------------------------
(0)	Plot AT_QP_120-140 with lat 48.2924 and lon 16.2437
(0)	 --> nearest ESM lat(27) 48.3 and lon(42) 16.2
(0)	-------------------------------------------------------------------------------
(0)	-------------------------------------------------------------------------------
(0)	Plot AT_QP_180-200 with lat 48.2207 and lon 16.1718
(0)	 --> nearest ESM lat(28) 48.2 and lon(42) 16.2
(0)	-------------------------------------------------------------------------------
(0)	-------------------------------------------------------------------------------
(0)	Plot AT_FS_0-20 with lat 48.2899 and lon 16.2351
(0)	 --> nearest ESM lat(27) 48.3 and lon(42) 16.2
(0)	-------------------------------------------------------------------------------
(0)	-------------------------------------------------------------------------------
(0)	Plot AT_FS_20-40 with lat 48.2899 and lon 16.2351
(0)	 --> nearest ESM lat(27) 48.3 and lon(42) 16.2
(0)	-------------------------------------------------------------------------------
(0)	-------------------------------------------------------------------------------
(0)	Plot AT_FS_40-60 with lat 48.2899 and lon 16.2351
(0)	 --> nearest ESM lat(27) 48.3 and lon(42) 16.2
(0)	-------------------------------------------------------------------------------
(0)	-------------------------------------------------------------------------------
(0)	Plot AT_FS_60-80 with lat 48.2899 and lon 16.2351
(0)	 --> nearest ESM lat(27) 48.3 and lon(42) 16.2
(0)	-------------------------------------------------------------------------------
(0)	-------------------------------------------------------------------------------
(0)	Plot AT_FS_100-120 with lat 48.2899 and lon 16.2351
(0)	 --> nearest ESM lat(27) 48.3 and lon(42) 16.2
(0)	-------------------------------------------------------------------------------
(0)	-------------------------------------------------------------------------------
(0)	Plot AT_FS_120-140 with lat 48.2899 and lon 16.2351
(0)	 --> nearest ESM lat(27) 48.3 and lon(42) 16.2
(0)	-------------------------------------------------------------------------------
(0)	-------------------------------------------------------------------------------
(0)	Plot AT_FS_160-180 with lat 48.2899 and lon 16.2351
(0)	 --> nearest ESM lat(27) 48.3 and lon(42) 16.2
(0)	-------------------------------------------------------------------------------
(0)	-------------------------------------------------------------------------------
(0)	-------------------------------------------------------------------------------
(0)	Working on RACMO22 for scenario RCP45 and CSA Austria
(0)	-------------------------------------------------------------------------------
(0)	Plot AT_QP_0-20 with lat 48.2104 and lon 16.1469
(0)	 --> nearest ESM lat(28) 48.2 and lon(41) 16.1
(0)	-------------------------------------------------------------------------------
(0)	-------------------------------------------------------------------------------
(0)	Plot AT_QP_20-40 with lat 48.2489 and lon 16.2119
(0)	 --> nearest ESM lat(28) 48.2 and lon(42) 16.2
(0)	-------------------------------------------------------------------------------
(0)	-------------------------------------------------------------------------------
(0)	Plot AT_QP_40-60 with lat 48.2657 and lon 16.1669
(0)	 --> nearest ESM lat(27) 48.3 and lon(42) 16.2
(0)	-------------------------------------------------------------------------------
(0)	-------------------------------------------------------------------------------
(0)	Plot AT_QP_80-100 with lat 48.2274 and lon 16.1279
(0)	 --> nearest ESM lat(28) 48.2 and lon(41) 16.1
(0)	-------------------------------------------------------------------------------
(0)	-------------------------------------------------------------------------------
(0)	Plot AT_QP_120-140 with lat 48.2924 and lon 16.2437
(0)	 --> nearest ESM lat(27) 48.3 and lon(42) 16.2
(0)	-------------------------------------------------------------------------------
(0)	-------------------------------------------------------------------------------
(0)	Plot AT_QP_180-200 with lat 48.2207 and lon 16.1718
(0)	 --> nearest ESM lat(28) 48.2 and lon(42) 16.2
(0)	-------------------------------------------------------------------------------
(0)	-------------------------------------------------------------------------------
(0)	Plot AT_FS_0-20 with lat 48.2899 and lon 16.2351
(0)	 --> nearest ESM lat(27) 48.3 and lon(42) 16.2
(0)	-------------------------------------------------------------------------------
(0)	-------------------------------------------------------------------------------
(0)	Plot AT_FS_20-40 with lat 48.2899 and lon 16.2351
(0)	 --> nearest ESM lat(27) 48.3 and lon(42) 16.2
(0)	-------------------------------------------------------------------------------
(0)	-------------------------------------------------------------------------------
(0)	Plot AT_FS_40-60 with lat 48.2899 and lon 16.2351
(0)	 --> nearest ESM lat(27) 48.3 and lon(42) 16.2
(0)	-------------------------------------------------------------------------------
(0)	-------------------------------------------------------------------------------
(0)	Plot AT_FS_60-80 with lat 48.2899 and lon 16.2351
(0)	 --> nearest ESM lat(27) 48.3 and lon(42) 16.2
(0)	-------------------------------------------------------------------------------
(0)	-------------------------------------------------------------------------------
(0)	Plot AT_FS_100-120 with lat 48.2899 and lon 16.2351
(0)	 --> nearest ESM lat(27) 48.3 and lon(42) 16.2
(0)	-------------------------------------------------------------------------------
(0)	-------------------------------------------------------------------------------
(0)	Plot AT_FS_120-140 with lat 48.2899 and lon 16.2351
(0)	 --> nearest ESM lat(27) 48.3 and lon(42) 16.2
(0)	-------------------------------------------------------------------------------
(0)	-------------------------------------------------------------------------------
(0)	Plot AT_FS_160-180 with lat 48.2899 and lon 16.2351
(0)	 --> nearest ESM lat(27) 48.3 and lon(42) 16.2
(0)	-------------------------------------------------------------------------------
(0)	-------------------------------------------------------------------------------
(0)	-------------------------------------------------------------------------------
(0)	Working on RACMO22 for scenario RCP85 and CSA Austria
(0)	-------------------------------------------------------------------------------
(0)	Plot AT_QP_0-20 with lat 48.2104 and lon 16.1469
(0)	 --> nearest ESM lat(28) 48.2 and lon(41) 16.1
(0)	-------------------------------------------------------------------------------
(0)	-------------------------------------------------------------------------------
(0)	Plot AT_QP_20-40 with lat 48.2489 and lon 16.2119
(0)	 --> nearest ESM lat(28) 48.2 and lon(42) 16.2
(0)	-------------------------------------------------------------------------------
(0)	-------------------------------------------------------------------------------
(0)	Plot AT_QP_40-60 with lat 48.2657 and lon 16.1669
(0)	 --> nearest ESM lat(27) 48.3 and lon(42) 16.2
(0)	-------------------------------------------------------------------------------
(0)	-------------------------------------------------------------------------------
(0)	Plot AT_QP_80-100 with lat 48.2274 and lon 16.1279
(0)	 --> nearest ESM lat(28) 48.2 and lon(41) 16.1
(0)	-------------------------------------------------------------------------------
(0)	-------------------------------------------------------------------------------
(0)	Plot AT_QP_120-140 with lat 48.2924 and lon 16.2437
(0)	 --> nearest ESM lat(27) 48.3 and lon(42) 16.2
(0)	-------------------------------------------------------------------------------
(0)	-------------------------------------------------------------------------------
(0)	Plot AT_QP_180-200 with lat 48.2207 and lon 16.1718
(0)	 --> nearest ESM lat(28) 48.2 and lon(42) 16.2
(0)	-------------------------------------------------------------------------------
(0)	-------------------------------------------------------------------------------
(0)	Plot AT_FS_0-20 with lat 48.2899 and lon 16.2351
(0)	 --> nearest ESM lat(27) 48.3 and lon(42) 16.2
(0)	-------------------------------------------------------------------------------
(0)	-------------------------------------------------------------------------------
(0)	Plot AT_FS_20-40 with lat 48.2899 and lon 16.2351
(0)	 --> nearest ESM lat(27) 48.3 and lon(42) 16.2
(0)	-------------------------------------------------------------------------------
(0)	-------------------------------------------------------------------------------
(0)	Plot AT_FS_40-60 with lat 48.2899 and lon 16.2351
(0)	 --> nearest ESM lat(27) 48.3 and lon(42) 16.2
(0)	-------------------------------------------------------------------------------
(0)	-------------------------------------------------------------------------------
(0)	Plot AT_FS_60-80 with lat 48.2899 and lon 16.2351
(0)	 --> nearest ESM lat(27) 48.3 and lon(42) 16.2
(0)	-------------------------------------------------------------------------------
(0)	-------------------------------------------------------------------------------
(0)	Plot AT_FS_100-120 with lat 48.2899 and lon 16.2351
(0)	 --> nearest ESM lat(27) 48.3 and lon(42) 16.2
(0)	-------------------------------------------------------------------------------
(0)	-------------------------------------------------------------------------------
(0)	Plot AT_FS_120-140 with lat 48.2899 and lon 16.2351
(0)	 --> nearest ESM lat(27) 48.3 and lon(42) 16.2
(0)	-------------------------------------------------------------------------------
(0)	-------------------------------------------------------------------------------
(0)	Plot AT_FS_160-180 with lat 48.2899 and lon 16.2351
(0)	 --> nearest ESM lat(27) 48.3 and lon(42) 16.2
(0)	-------------------------------------------------------------------------------
(0)	-------------------------------------------------------------------------------
(0)	-------------------------------------------------------------------------------
(0)	Working on RACMO22 for scenario RCP26 and CSA Romania
(0)	-------------------------------------------------------------------------------
(0)	Plot RO_AC_0-20 with lat 44.38 and lon 25.48
(0)	 --> nearest ESM lat(36) 44.4 and lon(45) 25.5
(0)	-------------------------------------------------------------------------------
(0)	-------------------------------------------------------------------------------
(0)	Plot RO_AC_20-40 with lat 44.371 and lon 25.084
(0)	 --> nearest ESM lat(36) 44.4 and lon(41) 25.1
(0)	-------------------------------------------------------------------------------
(0)	-------------------------------------------------------------------------------
(0)	Plot RO_AC_40-60 with lat 45.34 and lon 24.637
(0)	 --> nearest ESM lat(27) 45.3 and lon(36) 24.6
(0)	-------------------------------------------------------------------------------
(0)	-------------------------------------------------------------------------------
(0)	Plot RO_CB_0-20 with lat 44.867 and lon 24.796
(0)	 --> nearest ESM lat(31) 44.9 and lon(38) 24.8
(0)	-------------------------------------------------------------------------------
(0)	-------------------------------------------------------------------------------
(0)	Plot RO_CB_20-40 with lat 44.939 and lon 24.862
(0)	 --> nearest ESM lat(31) 44.9 and lon(39) 24.9
(0)	-------------------------------------------------------------------------------
(0)	-------------------------------------------------------------------------------
(0)	Plot RO_CB_40-60 with lat 44.988 and lon 24.818
(0)	 --> nearest ESM lat(30) 45 and lon(38) 24.8
(0)	-------------------------------------------------------------------------------
(0)	-------------------------------------------------------------------------------
(0)	Plot RO_CB_60-80 with lat 44.786 and lon 24.952
(0)	 --> nearest ESM lat(32) 44.8 and lon(40) 25
(0)	-------------------------------------------------------------------------------
(0)	-------------------------------------------------------------------------------
(0)	Plot RO_CB_80-100 with lat 45.109 and lon 24.872
(0)	 --> nearest ESM lat(29) 45.1 and lon(39) 24.9
(0)	-------------------------------------------------------------------------------
(0)	-------------------------------------------------------------------------------
(0)	Plot RO_FS_0-20 with lat 45.316 and lon 24.838
(0)	 --> nearest ESM lat(27) 45.3 and lon(38) 24.8
(0)	-------------------------------------------------------------------------------
(0)	-------------------------------------------------------------------------------
(0)	Plot RO_FS_100-120 with lat 45.208 and lon 24.829
(0)	 --> nearest ESM lat(28) 45.2 and lon(38) 24.8
(0)	-------------------------------------------------------------------------------
(0)	-------------------------------------------------------------------------------
(0)	Plot RO_FS_120-140 with lat 45.349 and lon 24.749
(0)	 --> nearest ESM lat(27) 45.3 and lon(37) 24.7
(0)	-------------------------------------------------------------------------------
(0)	-------------------------------------------------------------------------------
(0)	Plot RO_FS_140-160 with lat 45.366 and lon 24.711
(0)	 --> nearest ESM lat(26) 45.4 and lon(37) 24.7
(0)	-------------------------------------------------------------------------------
(0)	-------------------------------------------------------------------------------
(0)	Plot RO_FS_20-40 with lat 45.268 and lon 24.832
(0)	 --> nearest ESM lat(27) 45.3 and lon(38) 24.8
(0)	-------------------------------------------------------------------------------
(0)	-------------------------------------------------------------------------------
(0)	Plot RO_FS_40-60 with lat 45.229 and lon 24.855
(0)	 --> nearest ESM lat(28) 45.2 and lon(39) 24.9
(0)	-------------------------------------------------------------------------------
(0)	-------------------------------------------------------------------------------
(0)	Plot RO_FS_60-80 with lat 45.306 and lon 24.85
(0)	 --> nearest ESM lat(27) 45.3 and lon(39) 24.9
(0)	-------------------------------------------------------------------------------
(0)	-------------------------------------------------------------------------------
(0)	Plot RO_FS_80-100 with lat 45.217 and lon 24.88
(0)	 --> nearest ESM lat(28) 45.2 and lon(39) 24.9
(0)	-------------------------------------------------------------------------------
(0)	-------------------------------------------------------------------------------
(0)	Plot RO_PA_0-20 with lat 45.411 and lon 24.717
(0)	 --> nearest ESM lat(26) 45.4 and lon(37) 24.7
(0)	-------------------------------------------------------------------------------
(0)	-------------------------------------------------------------------------------
(0)	Plot RO_PA_100-120 with lat 45.41 and lon 24.967
(0)	 --> nearest ESM lat(26) 45.4 and lon(40) 25
(0)	-------------------------------------------------------------------------------
(0)	-------------------------------------------------------------------------------
(0)	Plot RO_PA_120-140 with lat 45.494 and lon 25.073
(0)	 --> nearest ESM lat(25) 45.5 and lon(41) 25.1
(0)	-------------------------------------------------------------------------------
(0)	-------------------------------------------------------------------------------
(0)	Plot RO_PA_20-40 with lat 45.445 and lon 24.885
(0)	 --> nearest ESM lat(26) 45.4 and lon(39) 24.9
(0)	-------------------------------------------------------------------------------
(0)	-------------------------------------------------------------------------------
(0)	Plot RO_PA_40-60 with lat 45.4 and lon 25.069
(0)	 --> nearest ESM lat(26) 45.4 and lon(41) 25.1
(0)	-------------------------------------------------------------------------------
(0)	-------------------------------------------------------------------------------
(0)	Plot RO_PA_60-80 with lat 45.464 and lon 24.948
(0)	 --> nearest ESM lat(25) 45.5 and lon(39) 24.9
(0)	-------------------------------------------------------------------------------
(0)	-------------------------------------------------------------------------------
(0)	Plot RO_PA_80-100 with lat 45.457 and lon 24.861
(0)	 --> nearest ESM lat(25) 45.5 and lon(39) 24.9
(0)	-------------------------------------------------------------------------------
(0)	-------------------------------------------------------------------------------
(0)	Plot RO_QC_0-20 with lat 44.342 and lon 24.921
(0)	 --> nearest ESM lat(37) 44.3 and lon(39) 24.9
(0)	-------------------------------------------------------------------------------
(0)	-------------------------------------------------------------------------------
(0)	Plot RO_QC_100-120 with lat 44.17 and lon 24.95
(0)	 --> nearest ESM lat(38) 44.2 and lon(40) 25
(0)	-------------------------------------------------------------------------------
(0)	-------------------------------------------------------------------------------
(0)	Plot RO_QC_20-40 with lat 44.4 and lon 25.143
(0)	 --> nearest ESM lat(36) 44.4 and lon(41) 25.1
(0)	-------------------------------------------------------------------------------
(0)	-------------------------------------------------------------------------------
(0)	Plot RO_QC_40-60 with lat 44.401 and lon 25.268
(0)	 --> nearest ESM lat(36) 44.4 and lon(43) 25.3
(0)	-------------------------------------------------------------------------------
(0)	-------------------------------------------------------------------------------
(0)	Plot RO_QC_60-80 with lat 44.317 and lon 25.261
(0)	 --> nearest ESM lat(37) 44.3 and lon(43) 25.3
(0)	-------------------------------------------------------------------------------
(0)	-------------------------------------------------------------------------------
(0)	Plot RO_QC_80-100 with lat 44.51 and lon 24.882
(0)	 --> nearest ESM lat(35) 44.5 and lon(39) 24.9
(0)	-------------------------------------------------------------------------------
(0)	-------------------------------------------------------------------------------
(0)	Plot RO_QP_0-20 with lat 44.915 and lon 24.999
(0)	 --> nearest ESM lat(31) 44.9 and lon(40) 25
(0)	-------------------------------------------------------------------------------
(0)	-------------------------------------------------------------------------------
(0)	Plot RO_QP_100-120 with lat 44.828 and lon 24.837
(0)	 --> nearest ESM lat(32) 44.8 and lon(38) 24.8
(0)	-------------------------------------------------------------------------------
(0)	-------------------------------------------------------------------------------
(0)	Plot RO_QP_120-140 with lat 44.926 and lon 24.95
(0)	 --> nearest ESM lat(31) 44.9 and lon(40) 25
(0)	-------------------------------------------------------------------------------
(0)	-------------------------------------------------------------------------------
(0)	Plot RO_QP_20-40 with lat 44.801 and lon 24.891
(0)	 --> nearest ESM lat(32) 44.8 and lon(39) 24.9
(0)	-------------------------------------------------------------------------------
(0)	-------------------------------------------------------------------------------
(0)	Plot RO_QP_40-60 with lat 44.973 and lon 24.869
(0)	 --> nearest ESM lat(30) 45 and lon(39) 24.9
(0)	-------------------------------------------------------------------------------
(0)	-------------------------------------------------------------------------------
(0)	Plot RO_QP_60-80 with lat 44.957 and lon 24.845
(0)	 --> nearest ESM lat(30) 45 and lon(38) 24.8
(0)	-------------------------------------------------------------------------------
(0)	-------------------------------------------------------------------------------
(0)	Plot RO_QP_80-100 with lat 44.911 and lon 24.803
(0)	 --> nearest ESM lat(31) 44.9 and lon(38) 24.8
(0)	-------------------------------------------------------------------------------
(0)	-------------------------------------------------------------------------------
(0)	Plot RO_QR_0-20 with lat 43.95 and lon 24.98
(0)	 --> nearest ESM lat(40) 44 and lon(40) 25
(0)	-------------------------------------------------------------------------------
(0)	-------------------------------------------------------------------------------
(0)	Plot RO_QR_100-120 with lat 44.14 and lon 25.052
(0)	 --> nearest ESM lat(39) 44.1 and lon(41) 25.1
(0)	-------------------------------------------------------------------------------
(0)	-------------------------------------------------------------------------------
(0)	Plot RO_QR_120-140 with lat 43.97 and lon 24.67
(0)	 --> nearest ESM lat(40) 44 and lon(37) 24.7
(0)	-------------------------------------------------------------------------------
(0)	-------------------------------------------------------------------------------
(0)	Plot RO_QR_20-40 with lat 44.3 and lon 25.036
(0)	 --> nearest ESM lat(37) 44.3 and lon(40) 25
(0)	-------------------------------------------------------------------------------
(0)	-------------------------------------------------------------------------------
(0)	Plot RO_QR_40-60 with lat 44.393 and lon 25.049
(0)	 --> nearest ESM lat(36) 44.4 and lon(40) 25
(0)	-------------------------------------------------------------------------------
(0)	-------------------------------------------------------------------------------
(0)	Plot RO_QR_60-80 with lat 44.284 and lon 24.897
(0)	 --> nearest ESM lat(37) 44.3 and lon(39) 24.9
(0)	-------------------------------------------------------------------------------
(0)	-------------------------------------------------------------------------------
(0)	Plot RO_QR_80-100 with lat 44.356 and lon 24.91
(0)	 --> nearest ESM lat(36) 44.4 and lon(39) 24.9
(0)	-------------------------------------------------------------------------------
(0)	-------------------------------------------------------------------------------
(0)	Plot RO_RP_0-20 with lat 44.293 and lon 25.027
(0)	 --> nearest ESM lat(37) 44.3 and lon(40) 25
(0)	-------------------------------------------------------------------------------
(0)	-------------------------------------------------------------------------------
(0)	Plot RO_RP_20-40 with lat 44.882 and lon 24.799
(0)	 --> nearest ESM lat(31) 44.9 and lon(38) 24.8
(0)	-------------------------------------------------------------------------------
(0)	-------------------------------------------------------------------------------
(0)	Plot RO_RP_40-60 with lat 44.988 and lon 24.838
(0)	 --> nearest ESM lat(30) 45 and lon(38) 24.8
(0)	-------------------------------------------------------------------------------
(0)	-------------------------------------------------------------------------------
(0)	Plot RO_RP_60-80 with lat 45.14 and lon 24.65
(0)	 --> nearest ESM lat(29) 45.1 and lon(36) 24.6
(0)	-------------------------------------------------------------------------------
(0)	-------------------------------------------------------------------------------
(0)	Plot RO_SA_0-20 with lat 45.009 and lon 24.751
(0)	 --> nearest ESM lat(30) 45 and lon(38) 24.8
(0)	-------------------------------------------------------------------------------
(0)	-------------------------------------------------------------------------------
(0)	Plot RO_SA_20-40 with lat 44.146 and lon 25.152
(0)	 --> nearest ESM lat(39) 44.1 and lon(42) 25.2
(0)	-------------------------------------------------------------------------------
(0)	-------------------------------------------------------------------------------
(0)	Plot RO_SA_40-60 with lat 44.783 and lon 24.738
(0)	 --> nearest ESM lat(32) 44.8 and lon(37) 24.7
(0)	-------------------------------------------------------------------------------
(0)	-------------------------------------------------------------------------------
(0)	Plot RO_SA_60-80 with lat 44.78 and lon 25.08
(0)	 --> nearest ESM lat(32) 44.8 and lon(41) 25.1
(0)	-------------------------------------------------------------------------------
(0)	-------------------------------------------------------------------------------
(0)	Plot RO_SA_80-100 with lat 44.78 and lon 25.08
(0)	 --> nearest ESM lat(32) 44.8 and lon(41) 25.1
(0)	-------------------------------------------------------------------------------
(0)	-------------------------------------------------------------------------------
(0)	-------------------------------------------------------------------------------
(0)	Working on RACMO22 for scenario RCP45 and CSA Romania
(0)	-------------------------------------------------------------------------------
(0)	Plot RO_AC_0-20 with lat 44.38 and lon 25.48
(0)	 --> nearest ESM lat(36) 44.4 and lon(45) 25.5
(0)	-------------------------------------------------------------------------------
(0)	-------------------------------------------------------------------------------
(0)	Plot RO_AC_20-40 with lat 44.371 and lon 25.084
(0)	 --> nearest ESM lat(36) 44.4 and lon(41) 25.1
(0)	-------------------------------------------------------------------------------
(0)	-------------------------------------------------------------------------------
(0)	Plot RO_AC_40-60 with lat 45.34 and lon 24.637
(0)	 --> nearest ESM lat(27) 45.3 and lon(36) 24.6
(0)	-------------------------------------------------------------------------------
(0)	-------------------------------------------------------------------------------
(0)	Plot RO_CB_0-20 with lat 44.867 and lon 24.796
(0)	 --> nearest ESM lat(31) 44.9 and lon(38) 24.8
(0)	-------------------------------------------------------------------------------
(0)	-------------------------------------------------------------------------------
(0)	Plot RO_CB_20-40 with lat 44.939 and lon 24.862
(0)	 --> nearest ESM lat(31) 44.9 and lon(39) 24.9
(0)	-------------------------------------------------------------------------------
(0)	-------------------------------------------------------------------------------
(0)	Plot RO_CB_40-60 with lat 44.988 and lon 24.818
(0)	 --> nearest ESM lat(30) 45 and lon(38) 24.8
(0)	-------------------------------------------------------------------------------
(0)	-------------------------------------------------------------------------------
(0)	Plot RO_CB_60-80 with lat 44.786 and lon 24.952
(0)	 --> nearest ESM lat(32) 44.8 and lon(40) 25
(0)	-------------------------------------------------------------------------------
(0)	-------------------------------------------------------------------------------
(0)	Plot RO_CB_80-100 with lat 45.109 and lon 24.872
(0)	 --> nearest ESM lat(29) 45.1 and lon(39) 24.9
(0)	-------------------------------------------------------------------------------
(0)	-------------------------------------------------------------------------------
(0)	Plot RO_FS_0-20 with lat 45.316 and lon 24.838
(0)	 --> nearest ESM lat(27) 45.3 and lon(38) 24.8
(0)	-------------------------------------------------------------------------------
(0)	-------------------------------------------------------------------------------
(0)	Plot RO_FS_100-120 with lat 45.208 and lon 24.829
(0)	 --> nearest ESM lat(28) 45.2 and lon(38) 24.8
(0)	-------------------------------------------------------------------------------
(0)	-------------------------------------------------------------------------------
(0)	Plot RO_FS_120-140 with lat 45.349 and lon 24.749
(0)	 --> nearest ESM lat(27) 45.3 and lon(37) 24.7
(0)	-------------------------------------------------------------------------------
(0)	-------------------------------------------------------------------------------
(0)	Plot RO_FS_140-160 with lat 45.366 and lon 24.711
(0)	 --> nearest ESM lat(26) 45.4 and lon(37) 24.7
(0)	-------------------------------------------------------------------------------
(0)	-------------------------------------------------------------------------------
(0)	Plot RO_FS_20-40 with lat 45.268 and lon 24.832
(0)	 --> nearest ESM lat(27) 45.3 and lon(38) 24.8
(0)	-------------------------------------------------------------------------------
(0)	-------------------------------------------------------------------------------
(0)	Plot RO_FS_40-60 with lat 45.229 and lon 24.855
(0)	 --> nearest ESM lat(28) 45.2 and lon(39) 24.9
(0)	-------------------------------------------------------------------------------
(0)	-------------------------------------------------------------------------------
(0)	Plot RO_FS_60-80 with lat 45.306 and lon 24.85
(0)	 --> nearest ESM lat(27) 45.3 and lon(39) 24.9
(0)	-------------------------------------------------------------------------------
(0)	-------------------------------------------------------------------------------
(0)	Plot RO_FS_80-100 with lat 45.217 and lon 24.88
(0)	 --> nearest ESM lat(28) 45.2 and lon(39) 24.9
(0)	-------------------------------------------------------------------------------
(0)	-------------------------------------------------------------------------------
(0)	Plot RO_PA_0-20 with lat 45.411 and lon 24.717
(0)	 --> nearest ESM lat(26) 45.4 and lon(37) 24.7
(0)	-------------------------------------------------------------------------------
(0)	-------------------------------------------------------------------------------
(0)	Plot RO_PA_100-120 with lat 45.41 and lon 24.967
(0)	 --> nearest ESM lat(26) 45.4 and lon(40) 25
(0)	-------------------------------------------------------------------------------
(0)	-------------------------------------------------------------------------------
(0)	Plot RO_PA_120-140 with lat 45.494 and lon 25.073
(0)	 --> nearest ESM lat(25) 45.5 and lon(41) 25.1
(0)	-------------------------------------------------------------------------------
(0)	-------------------------------------------------------------------------------
(0)	Plot RO_PA_20-40 with lat 45.445 and lon 24.885
(0)	 --> nearest ESM lat(26) 45.4 and lon(39) 24.9
(0)	-------------------------------------------------------------------------------
(0)	-------------------------------------------------------------------------------
(0)	Plot RO_PA_40-60 with lat 45.4 and lon 25.069
(0)	 --> nearest ESM lat(26) 45.4 and lon(41) 25.1
(0)	-------------------------------------------------------------------------------
(0)	-------------------------------------------------------------------------------
(0)	Plot RO_PA_60-80 with lat 45.464 and lon 24.948
(0)	 --> nearest ESM lat(25) 45.5 and lon(39) 24.9
(0)	-------------------------------------------------------------------------------
(0)	-------------------------------------------------------------------------------
(0)	Plot RO_PA_80-100 with lat 45.457 and lon 24.861
(0)	 --> nearest ESM lat(25) 45.5 and lon(39) 24.9
(0)	-------------------------------------------------------------------------------
(0)	-------------------------------------------------------------------------------
(0)	Plot RO_QC_0-20 with lat 44.342 and lon 24.921
(0)	 --> nearest ESM lat(37) 44.3 and lon(39) 24.9
(0)	-------------------------------------------------------------------------------
(0)	-------------------------------------------------------------------------------
(0)	Plot RO_QC_100-120 with lat 44.17 and lon 24.95
(0)	 --> nearest ESM lat(38) 44.2 and lon(40) 25
(0)	-------------------------------------------------------------------------------
(0)	-------------------------------------------------------------------------------
(0)	Plot RO_QC_20-40 with lat 44.4 and lon 25.143
(0)	 --> nearest ESM lat(36) 44.4 and lon(41) 25.1
(0)	-------------------------------------------------------------------------------
(0)	-------------------------------------------------------------------------------
(0)	Plot RO_QC_40-60 with lat 44.401 and lon 25.268
(0)	 --> nearest ESM lat(36) 44.4 and lon(43) 25.3
(0)	-------------------------------------------------------------------------------
(0)	-------------------------------------------------------------------------------
(0)	Plot RO_QC_60-80 with lat 44.317 and lon 25.261
(0)	 --> nearest ESM lat(37) 44.3 and lon(43) 25.3
(0)	-------------------------------------------------------------------------------
(0)	-------------------------------------------------------------------------------
(0)	Plot RO_QC_80-100 with lat 44.51 and lon 24.882
(0)	 --> nearest ESM lat(35) 44.5 and lon(39) 24.9
(0)	-------------------------------------------------------------------------------
(0)	-------------------------------------------------------------------------------
(0)	Plot RO_QP_0-20 with lat 44.915 and lon 24.999
(0)	 --> nearest ESM lat(31) 44.9 and lon(40) 25
(0)	-------------------------------------------------------------------------------
(0)	-------------------------------------------------------------------------------
(0)	Plot RO_QP_100-120 with lat 44.828 and lon 24.837
(0)	 --> nearest ESM lat(32) 44.8 and lon(38) 24.8
(0)	-------------------------------------------------------------------------------
(0)	-------------------------------------------------------------------------------
(0)	Plot RO_QP_120-140 with lat 44.926 and lon 24.95
(0)	 --> nearest ESM lat(31) 44.9 and lon(40) 25
(0)	-------------------------------------------------------------------------------
(0)	-------------------------------------------------------------------------------
(0)	Plot RO_QP_20-40 with lat 44.801 and lon 24.891
(0)	 --> nearest ESM lat(32) 44.8 and lon(39) 24.9
(0)	-------------------------------------------------------------------------------
(0)	-------------------------------------------------------------------------------
(0)	Plot RO_QP_40-60 with lat 44.973 and lon 24.869
(0)	 --> nearest ESM lat(30) 45 and lon(39) 24.9
(0)	-------------------------------------------------------------------------------
(0)	-------------------------------------------------------------------------------
(0)	Plot RO_QP_60-80 with lat 44.957 and lon 24.845
(0)	 --> nearest ESM lat(30) 45 and lon(38) 24.8
(0)	-------------------------------------------------------------------------------
(0)	-------------------------------------------------------------------------------
(0)	Plot RO_QP_80-100 with lat 44.911 and lon 24.803
(0)	 --> nearest ESM lat(31) 44.9 and lon(38) 24.8
(0)	-------------------------------------------------------------------------------
(0)	-------------------------------------------------------------------------------
(0)	Plot RO_QR_0-20 with lat 43.95 and lon 24.98
(0)	 --> nearest ESM lat(40) 44 and lon(40) 25
(0)	-------------------------------------------------------------------------------
(0)	-------------------------------------------------------------------------------
(0)	Plot RO_QR_100-120 with lat 44.14 and lon 25.052
(0)	 --> nearest ESM lat(39) 44.1 and lon(41) 25.1
(0)	-------------------------------------------------------------------------------
(0)	-------------------------------------------------------------------------------
(0)	Plot RO_QR_120-140 with lat 43.97 and lon 24.67
(0)	 --> nearest ESM lat(40) 44 and lon(37) 24.7
(0)	-------------------------------------------------------------------------------
(0)	-------------------------------------------------------------------------------
(0)	Plot RO_QR_20-40 with lat 44.3 and lon 25.036
(0)	 --> nearest ESM lat(37) 44.3 and lon(40) 25
(0)	-------------------------------------------------------------------------------
(0)	-------------------------------------------------------------------------------
(0)	Plot RO_QR_40-60 with lat 44.393 and lon 25.049
(0)	 --> nearest ESM lat(36) 44.4 and lon(40) 25
(0)	-------------------------------------------------------------------------------
(0)	-------------------------------------------------------------------------------
(0)	Plot RO_QR_60-80 with lat 44.284 and lon 24.897
(0)	 --> nearest ESM lat(37) 44.3 and lon(39) 24.9
(0)	-------------------------------------------------------------------------------
(0)	-------------------------------------------------------------------------------
(0)	Plot RO_QR_80-100 with lat 44.356 and lon 24.91
(0)	 --> nearest ESM lat(36) 44.4 and lon(39) 24.9
(0)	-------------------------------------------------------------------------------
(0)	-------------------------------------------------------------------------------
(0)	Plot RO_RP_0-20 with lat 44.293 and lon 25.027
(0)	 --> nearest ESM lat(37) 44.3 and lon(40) 25
(0)	-------------------------------------------------------------------------------
(0)	-------------------------------------------------------------------------------
(0)	Plot RO_RP_20-40 with lat 44.882 and lon 24.799
(0)	 --> nearest ESM lat(31) 44.9 and lon(38) 24.8
(0)	-------------------------------------------------------------------------------
(0)	-------------------------------------------------------------------------------
(0)	Plot RO_RP_40-60 with lat 44.988 and lon 24.838
(0)	 --> nearest ESM lat(30) 45 and lon(38) 24.8
(0)	-------------------------------------------------------------------------------
(0)	-------------------------------------------------------------------------------
(0)	Plot RO_RP_60-80 with lat 45.14 and lon 24.65
(0)	 --> nearest ESM lat(29) 45.1 and lon(36) 24.6
(0)	-------------------------------------------------------------------------------
(0)	-------------------------------------------------------------------------------
(0)	Plot RO_SA_0-20 with lat 45.009 and lon 24.751
(0)	 --> nearest ESM lat(30) 45 and lon(38) 24.8
(0)	-------------------------------------------------------------------------------
(0)	-------------------------------------------------------------------------------
(0)	Plot RO_SA_20-40 with lat 44.146 and lon 25.152
(0)	 --> nearest ESM lat(39) 44.1 and lon(42) 25.2
(0)	-------------------------------------------------------------------------------
(0)	-------------------------------------------------------------------------------
(0)	Plot RO_SA_40-60 with lat 44.783 and lon 24.738
(0)	 --> nearest ESM lat(32) 44.8 and lon(37) 24.7
(0)	-------------------------------------------------------------------------------
(0)	-------------------------------------------------------------------------------
(0)	Plot RO_SA_60-80 with lat 44.78 and lon 25.08
(0)	 --> nearest ESM lat(32) 44.8 and lon(41) 25.1
(0)	-------------------------------------------------------------------------------
(0)	-------------------------------------------------------------------------------
(0)	Plot RO_SA_80-100 with lat 44.78 and lon 25.08
(0)	 --> nearest ESM lat(32) 44.8 and lon(41) 25.1
(0)	-------------------------------------------------------------------------------
(0)	-------------------------------------------------------------------------------
(0)	-------------------------------------------------------------------------------
(0)	Working on RACMO22 for scenario RCP85 and CSA Romania
(0)	-------------------------------------------------------------------------------
(0)	Plot RO_AC_0-20 with lat 44.38 and lon 25.48
(0)	 --> nearest ESM lat(36) 44.4 and lon(45) 25.5
(0)	-------------------------------------------------------------------------------
(0)	-------------------------------------------------------------------------------
(0)	Plot RO_AC_20-40 with lat 44.371 and lon 25.084
(0)	 --> nearest ESM lat(36) 44.4 and lon(41) 25.1
(0)	-------------------------------------------------------------------------------
(0)	-------------------------------------------------------------------------------
(0)	Plot RO_AC_40-60 with lat 45.34 and lon 24.637
(0)	 --> nearest ESM lat(27) 45.3 and lon(36) 24.6
(0)	-------------------------------------------------------------------------------
(0)	-------------------------------------------------------------------------------
(0)	Plot RO_CB_0-20 with lat 44.867 and lon 24.796
(0)	 --> nearest ESM lat(31) 44.9 and lon(38) 24.8
(0)	-------------------------------------------------------------------------------
(0)	-------------------------------------------------------------------------------
(0)	Plot RO_CB_20-40 with lat 44.939 and lon 24.862
(0)	 --> nearest ESM lat(31) 44.9 and lon(39) 24.9
(0)	-------------------------------------------------------------------------------
(0)	-------------------------------------------------------------------------------
(0)	Plot RO_CB_40-60 with lat 44.988 and lon 24.818
(0)	 --> nearest ESM lat(30) 45 and lon(38) 24.8
(0)	-------------------------------------------------------------------------------
(0)	-------------------------------------------------------------------------------
(0)	Plot RO_CB_60-80 with lat 44.786 and lon 24.952
(0)	 --> nearest ESM lat(32) 44.8 and lon(40) 25
(0)	-------------------------------------------------------------------------------
(0)	-------------------------------------------------------------------------------
(0)	Plot RO_CB_80-100 with lat 45.109 and lon 24.872
(0)	 --> nearest ESM lat(29) 45.1 and lon(39) 24.9
(0)	-------------------------------------------------------------------------------
(0)	-------------------------------------------------------------------------------
(0)	Plot RO_FS_0-20 with lat 45.316 and lon 24.838
(0)	 --> nearest ESM lat(27) 45.3 and lon(38) 24.8
(0)	-------------------------------------------------------------------------------
(0)	-------------------------------------------------------------------------------
(0)	Plot RO_FS_100-120 with lat 45.208 and lon 24.829
(0)	 --> nearest ESM lat(28) 45.2 and lon(38) 24.8
(0)	-------------------------------------------------------------------------------
(0)	-------------------------------------------------------------------------------
(0)	Plot RO_FS_120-140 with lat 45.349 and lon 24.749
(0)	 --> nearest ESM lat(27) 45.3 and lon(37) 24.7
(0)	-------------------------------------------------------------------------------
(0)	-------------------------------------------------------------------------------
(0)	Plot RO_FS_140-160 with lat 45.366 and lon 24.711
(0)	 --> nearest ESM lat(26) 45.4 and lon(37) 24.7
(0)	-------------------------------------------------------------------------------
(0)	-------------------------------------------------------------------------------
(0)	Plot RO_FS_20-40 with lat 45.268 and lon 24.832
(0)	 --> nearest ESM lat(27) 45.3 and lon(38) 24.8
(0)	-------------------------------------------------------------------------------
(0)	-------------------------------------------------------------------------------
(0)	Plot RO_FS_40-60 with lat 45.229 and lon 24.855
(0)	 --> nearest ESM lat(28) 45.2 and lon(39) 24.9
(0)	-------------------------------------------------------------------------------
(0)	-------------------------------------------------------------------------------
(0)	Plot RO_FS_60-80 with lat 45.306 and lon 24.85
(0)	 --> nearest ESM lat(27) 45.3 and lon(39) 24.9
(0)	-------------------------------------------------------------------------------
(0)	-------------------------------------------------------------------------------
(0)	Plot RO_FS_80-100 with lat 45.217 and lon 24.88
(0)	 --> nearest ESM lat(28) 45.2 and lon(39) 24.9
(0)	-------------------------------------------------------------------------------
(0)	-------------------------------------------------------------------------------
(0)	Plot RO_PA_0-20 with lat 45.411 and lon 24.717
(0)	 --> nearest ESM lat(26) 45.4 and lon(37) 24.7
(0)	-------------------------------------------------------------------------------
(0)	-------------------------------------------------------------------------------
(0)	Plot RO_PA_100-120 with lat 45.41 and lon 24.967
(0)	 --> nearest ESM lat(26) 45.4 and lon(40) 25
(0)	-------------------------------------------------------------------------------
(0)	-------------------------------------------------------------------------------
(0)	Plot RO_PA_120-140 with lat 45.494 and lon 25.073
(0)	 --> nearest ESM lat(25) 45.5 and lon(41) 25.1
(0)	-------------------------------------------------------------------------------
(0)	-------------------------------------------------------------------------------
(0)	Plot RO_PA_20-40 with lat 45.445 and lon 24.885
(0)	 --> nearest ESM lat(26) 45.4 and lon(39) 24.9
(0)	-------------------------------------------------------------------------------
(0)	-------------------------------------------------------------------------------
(0)	Plot RO_PA_40-60 with lat 45.4 and lon 25.069
(0)	 --> nearest ESM lat(26) 45.4 and lon(41) 25.1
(0)	-------------------------------------------------------------------------------
(0)	-------------------------------------------------------------------------------
(0)	Plot RO_PA_60-80 with lat 45.464 and lon 24.948
(0)	 --> nearest ESM lat(25) 45.5 and lon(39) 24.9
(0)	-------------------------------------------------------------------------------
(0)	-------------------------------------------------------------------------------
(0)	Plot RO_PA_80-100 with lat 45.457 and lon 24.861
(0)	 --> nearest ESM lat(25) 45.5 and lon(39) 24.9
(0)	-------------------------------------------------------------------------------
(0)	-------------------------------------------------------------------------------
(0)	Plot RO_QC_0-20 with lat 44.342 and lon 24.921
(0)	 --> nearest ESM lat(37) 44.3 and lon(39) 24.9
(0)	-------------------------------------------------------------------------------
(0)	-------------------------------------------------------------------------------
(0)	Plot RO_QC_100-120 with lat 44.17 and lon 24.95
(0)	 --> nearest ESM lat(38) 44.2 and lon(40) 25
(0)	-------------------------------------------------------------------------------
(0)	-------------------------------------------------------------------------------
(0)	Plot RO_QC_20-40 with lat 44.4 and lon 25.143
(0)	 --> nearest ESM lat(36) 44.4 and lon(41) 25.1
(0)	-------------------------------------------------------------------------------
(0)	-------------------------------------------------------------------------------
(0)	Plot RO_QC_40-60 with lat 44.401 and lon 25.268
(0)	 --> nearest ESM lat(36) 44.4 and lon(43) 25.3
(0)	-------------------------------------------------------------------------------
(0)	-------------------------------------------------------------------------------
(0)	Plot RO_QC_60-80 with lat 44.317 and lon 25.261
(0)	 --> nearest ESM lat(37) 44.3 and lon(43) 25.3
(0)	-------------------------------------------------------------------------------
(0)	-------------------------------------------------------------------------------
(0)	Plot RO_QC_80-100 with lat 44.51 and lon 24.882
(0)	 --> nearest ESM lat(35) 44.5 and lon(39) 24.9
(0)	-------------------------------------------------------------------------------
(0)	-------------------------------------------------------------------------------
(0)	Plot RO_QP_0-20 with lat 44.915 and lon 24.999
(0)	 --> nearest ESM lat(31) 44.9 and lon(40) 25
(0)	-------------------------------------------------------------------------------
(0)	-------------------------------------------------------------------------------
(0)	Plot RO_QP_100-120 with lat 44.828 and lon 24.837
(0)	 --> nearest ESM lat(32) 44.8 and lon(38) 24.8
(0)	-------------------------------------------------------------------------------
(0)	-------------------------------------------------------------------------------
(0)	Plot RO_QP_120-140 with lat 44.926 and lon 24.95
(0)	 --> nearest ESM lat(31) 44.9 and lon(40) 25
(0)	-------------------------------------------------------------------------------
(0)	-------------------------------------------------------------------------------
(0)	Plot RO_QP_20-40 with lat 44.801 and lon 24.891
(0)	 --> nearest ESM lat(32) 44.8 and lon(39) 24.9
(0)	-------------------------------------------------------------------------------
(0)	-------------------------------------------------------------------------------
(0)	Plot RO_QP_40-60 with lat 44.973 and lon 24.869
(0)	 --> nearest ESM lat(30) 45 and lon(39) 24.9
(0)	-------------------------------------------------------------------------------
(0)	-------------------------------------------------------------------------------
(0)	Plot RO_QP_60-80 with lat 44.957 and lon 24.845
(0)	 --> nearest ESM lat(30) 45 and lon(38) 24.8
(0)	-------------------------------------------------------------------------------
(0)	-------------------------------------------------------------------------------
(0)	Plot RO_QP_80-100 with lat 44.911 and lon 24.803
(0)	 --> nearest ESM lat(31) 44.9 and lon(38) 24.8
(0)	-------------------------------------------------------------------------------
(0)	-------------------------------------------------------------------------------
(0)	Plot RO_QR_0-20 with lat 43.95 and lon 24.98
(0)	 --> nearest ESM lat(40) 44 and lon(40) 25
(0)	-------------------------------------------------------------------------------
(0)	-------------------------------------------------------------------------------
(0)	Plot RO_QR_100-120 with lat 44.14 and lon 25.052
(0)	 --> nearest ESM lat(39) 44.1 and lon(41) 25.1
(0)	-------------------------------------------------------------------------------
(0)	-------------------------------------------------------------------------------
(0)	Plot RO_QR_120-140 with lat 43.97 and lon 24.67
(0)	 --> nearest ESM lat(40) 44 and lon(37) 24.7
(0)	-------------------------------------------------------------------------------
(0)	-------------------------------------------------------------------------------
(0)	Plot RO_QR_20-40 with lat 44.3 and lon 25.036
(0)	 --> nearest ESM lat(37) 44.3 and lon(40) 25
(0)	-------------------------------------------------------------------------------
(0)	-------------------------------------------------------------------------------
(0)	Plot RO_QR_40-60 with lat 44.393 and lon 25.049
(0)	 --> nearest ESM lat(36) 44.4 and lon(40) 25
(0)	-------------------------------------------------------------------------------
(0)	-------------------------------------------------------------------------------
(0)	Plot RO_QR_60-80 with lat 44.284 and lon 24.897
(0)	 --> nearest ESM lat(37) 44.3 and lon(39) 24.9
(0)	-------------------------------------------------------------------------------
(0)	-------------------------------------------------------------------------------
(0)	Plot RO_QR_80-100 with lat 44.356 and lon 24.91
(0)	 --> nearest ESM lat(36) 44.4 and lon(39) 24.9
(0)	-------------------------------------------------------------------------------
(0)	-------------------------------------------------------------------------------
(0)	Plot RO_RP_0-20 with lat 44.293 and lon 25.027
(0)	 --> nearest ESM lat(37) 44.3 and lon(40) 25
(0)	-------------------------------------------------------------------------------
(0)	-------------------------------------------------------------------------------
(0)	Plot RO_RP_20-40 with lat 44.882 and lon 24.799
(0)	 --> nearest ESM lat(31) 44.9 and lon(38) 24.8
(0)	-------------------------------------------------------------------------------
(0)	-------------------------------------------------------------------------------
(0)	Plot RO_RP_40-60 with lat 44.988 and lon 24.838
(0)	 --> nearest ESM lat(30) 45 and lon(38) 24.8
(0)	-------------------------------------------------------------------------------
(0)	-------------------------------------------------------------------------------
(0)	Plot RO_RP_60-80 with lat 45.14 and lon 24.65
(0)	 --> nearest ESM lat(29) 45.1 and lon(36) 24.6
(0)	-------------------------------------------------------------------------------
(0)	-------------------------------------------------------------------------------
(0)	Plot RO_SA_0-20 with lat 45.009 and lon 24.751
(0)	 --> nearest ESM lat(30) 45 and lon(38) 24.8
(0)	-------------------------------------------------------------------------------
(0)	-------------------------------------------------------------------------------
(0)	Plot RO_SA_20-40 with lat 44.146 and lon 25.152
(0)	 --> nearest ESM lat(39) 44.1 and lon(42) 25.2
(0)	-------------------------------------------------------------------------------
(0)	-------------------------------------------------------------------------------
(0)	Plot RO_SA_40-60 with lat 44.783 and lon 24.738
(0)	 --> nearest ESM lat(32) 44.8 and lon(37) 24.7
(0)	-------------------------------------------------------------------------------
(0)	-------------------------------------------------------------------------------
(0)	Plot RO_SA_60-80 with lat 44.78 and lon 25.08
(0)	 --> nearest ESM lat(32) 44.8 and lon(41) 25.1
(0)	-------------------------------------------------------------------------------
(0)	-------------------------------------------------------------------------------
(0)	Plot RO_SA_80-100 with lat 44.78 and lon 25.08
(0)	 --> nearest ESM lat(32) 44.8 and lon(41) 25.1
(0)	-------------------------------------------------------------------------------
(0)	-------------------------------------------------------------------------------
(0)	-------------------------------------------------------------------------------
(0)	Working on RACMO22 for scenario RCP26 and CSA Italy
(0)	-------------------------------------------------------------------------------
(0)	Plot IT_AA_40-60 with lat 43.7288 and lon 11.5675
(0)	 --> nearest ESM lat(33) 43.7 and lon(36) 11.6
(0)	-------------------------------------------------------------------------------
(0)	-------------------------------------------------------------------------------
(0)	Plot IT_AA_60-80 with lat 43.7347 and lon 11.5686
(0)	 --> nearest ESM lat(33) 43.7 and lon(36) 11.6
(0)	-------------------------------------------------------------------------------
(0)	-------------------------------------------------------------------------------
(0)	Plot IT_AA_80-100 with lat 43.7375 and lon 11.5651
(0)	 --> nearest ESM lat(33) 43.7 and lon(36) 11.6
(0)	-------------------------------------------------------------------------------
(0)	-------------------------------------------------------------------------------
(0)	Plot IT_AA_100-120 with lat 43.7369 and lon 11.5631
(0)	 --> nearest ESM lat(33) 43.7 and lon(36) 11.6
(0)	-------------------------------------------------------------------------------
(0)	-------------------------------------------------------------------------------
(0)	Plot IT_AA_120-140 with lat 43.7332 and lon 11.5656
(0)	 --> nearest ESM lat(33) 43.7 and lon(36) 11.6
(0)	-------------------------------------------------------------------------------
(0)	-------------------------------------------------------------------------------
(0)	Plot IT_AA_140-240 with lat 43.7405 and lon 11.5697
(0)	 --> nearest ESM lat(33) 43.7 and lon(36) 11.6
(0)	-------------------------------------------------------------------------------
(0)	-------------------------------------------------------------------------------
(0)	Plot IT_FS_20-40 with lat 43.8806 and lon 11.6345
(0)	 --> nearest ESM lat(31) 43.9 and lon(36) 11.6
(0)	-------------------------------------------------------------------------------
(0)	-------------------------------------------------------------------------------
(0)	Plot IT_FS_40-60 with lat 43.7371 and lon 11.566
(0)	 --> nearest ESM lat(33) 43.7 and lon(36) 11.6
(0)	-------------------------------------------------------------------------------
(0)	-------------------------------------------------------------------------------
(0)	Plot IT_FS_60-80 with lat 43.7384 and lon 11.5677
(0)	 --> nearest ESM lat(33) 43.7 and lon(36) 11.6
(0)	-------------------------------------------------------------------------------
(0)	-------------------------------------------------------------------------------
(0)	Plot IT_FS_80-100 with lat 43.7324 and lon 11.5725
(0)	 --> nearest ESM lat(33) 43.7 and lon(36) 11.6
(0)	-------------------------------------------------------------------------------
(0)	-------------------------------------------------------------------------------
(0)	Plot IT_FS_100-120 with lat 43.7377 and lon 11.5734
(0)	 --> nearest ESM lat(33) 43.7 and lon(36) 11.6
(0)	-------------------------------------------------------------------------------
(0)	-------------------------------------------------------------------------------
(0)	Plot IT_FS_120-140 with lat 43.7371 and lon 11.5705
(0)	 --> nearest ESM lat(33) 43.7 and lon(36) 11.6
(0)	-------------------------------------------------------------------------------
(0)	-------------------------------------------------------------------------------
(0)	Plot IT_FS_140-240 with lat 43.7346 and lon 11.5718
(0)	 --> nearest ESM lat(33) 43.7 and lon(36) 11.6
(0)	-------------------------------------------------------------------------------
(0)	-------------------------------------------------------------------------------
(0)	Plot IT_PM_40-60 with lat 43.8735 and lon 11.6262
(0)	 --> nearest ESM lat(31) 43.9 and lon(36) 11.6
(0)	-------------------------------------------------------------------------------
(0)	-------------------------------------------------------------------------------
(0)	Plot IT_PM_80-100 with lat 43.7386 and lon 11.5668
(0)	 --> nearest ESM lat(33) 43.7 and lon(36) 11.6
(0)	-------------------------------------------------------------------------------
(0)	-------------------------------------------------------------------------------
(0)	Plot IT_PN_0-20 with lat 43.7417 and lon 11.5522
(0)	 --> nearest ESM lat(33) 43.7 and lon(36) 11.6
(0)	-------------------------------------------------------------------------------
(0)	-------------------------------------------------------------------------------
(0)	Plot IT_PN_20-40 with lat 43.8794 and lon 11.6291
(0)	 --> nearest ESM lat(31) 43.9 and lon(36) 11.6
(0)	-------------------------------------------------------------------------------
(0)	-------------------------------------------------------------------------------
(0)	Plot IT_PN_40-60 with lat 43.8693 and lon 11.6251
(0)	 --> nearest ESM lat(31) 43.9 and lon(36) 11.6
(0)	-------------------------------------------------------------------------------
(0)	-------------------------------------------------------------------------------
(0)	Plot IT_PN_60-80 with lat 43.7346 and lon 11.5628
(0)	 --> nearest ESM lat(33) 43.7 and lon(36) 11.6
(0)	-------------------------------------------------------------------------------
(0)	-------------------------------------------------------------------------------
(0)	Plot IT_PN_80-100 with lat 43.7458 and lon 11.538
(0)	 --> nearest ESM lat(33) 43.7 and lon(35) 11.5
(0)	-------------------------------------------------------------------------------
(0)	-------------------------------------------------------------------------------
(0)	Plot IT_PN_120-140 with lat 43.761 and lon 11.5756
(0)	 --> nearest ESM lat(32) 43.8 and lon(36) 11.6
(0)	-------------------------------------------------------------------------------
(0)	-------------------------------------------------------------------------------
(0)	Plot IT_QC_0-20 with lat 43.8818 and lon 11.616
(0)	 --> nearest ESM lat(31) 43.9 and lon(36) 11.6
(0)	-------------------------------------------------------------------------------
(0)	-------------------------------------------------------------------------------
(0)	Plot IT_QC_20-40 with lat 43.8795 and lon 11.6175
(0)	 --> nearest ESM lat(31) 43.9 and lon(36) 11.6
(0)	-------------------------------------------------------------------------------
(0)	-------------------------------------------------------------------------------
(0)	Plot IT_QC_40-60 with lat 43.8788 and lon 11.6153
(0)	 --> nearest ESM lat(31) 43.9 and lon(36) 11.6
(0)	-------------------------------------------------------------------------------
(0)	-------------------------------------------------------------------------------
(0)	Plot IT_QC_60-80 with lat 43.7458 and lon 11.5595
(0)	 --> nearest ESM lat(33) 43.7 and lon(36) 11.6
(0)	-------------------------------------------------------------------------------
(0)	-------------------------------------------------------------------------------
(0)	-------------------------------------------------------------------------------
(0)	Working on RACMO22 for scenario RCP45 and CSA Italy
(0)	-------------------------------------------------------------------------------
(0)	Plot IT_AA_40-60 with lat 43.7288 and lon 11.5675
(0)	 --> nearest ESM lat(33) 43.7 and lon(36) 11.6
(0)	-------------------------------------------------------------------------------
(0)	-------------------------------------------------------------------------------
(0)	Plot IT_AA_60-80 with lat 43.7347 and lon 11.5686
(0)	 --> nearest ESM lat(33) 43.7 and lon(36) 11.6
(0)	-------------------------------------------------------------------------------
(0)	-------------------------------------------------------------------------------
(0)	Plot IT_AA_80-100 with lat 43.7375 and lon 11.5651
(0)	 --> nearest ESM lat(33) 43.7 and lon(36) 11.6
(0)	-------------------------------------------------------------------------------
(0)	-------------------------------------------------------------------------------
(0)	Plot IT_AA_100-120 with lat 43.7369 and lon 11.5631
(0)	 --> nearest ESM lat(33) 43.7 and lon(36) 11.6
(0)	-------------------------------------------------------------------------------
(0)	-------------------------------------------------------------------------------
(0)	Plot IT_AA_120-140 with lat 43.7332 and lon 11.5656
(0)	 --> nearest ESM lat(33) 43.7 and lon(36) 11.6
(0)	-------------------------------------------------------------------------------
(0)	-------------------------------------------------------------------------------
(0)	Plot IT_AA_140-240 with lat 43.7405 and lon 11.5697
(0)	 --> nearest ESM lat(33) 43.7 and lon(36) 11.6
(0)	-------------------------------------------------------------------------------
(0)	-------------------------------------------------------------------------------
(0)	Plot IT_FS_20-40 with lat 43.8806 and lon 11.6345
(0)	 --> nearest ESM lat(31) 43.9 and lon(36) 11.6
(0)	-------------------------------------------------------------------------------
(0)	-------------------------------------------------------------------------------
(0)	Plot IT_FS_40-60 with lat 43.7371 and lon 11.566
(0)	 --> nearest ESM lat(33) 43.7 and lon(36) 11.6
(0)	-------------------------------------------------------------------------------
(0)	-------------------------------------------------------------------------------
(0)	Plot IT_FS_60-80 with lat 43.7384 and lon 11.5677
(0)	 --> nearest ESM lat(33) 43.7 and lon(36) 11.6
(0)	-------------------------------------------------------------------------------
(0)	-------------------------------------------------------------------------------
(0)	Plot IT_FS_80-100 with lat 43.7324 and lon 11.5725
(0)	 --> nearest ESM lat(33) 43.7 and lon(36) 11.6
(0)	-------------------------------------------------------------------------------
(0)	-------------------------------------------------------------------------------
(0)	Plot IT_FS_100-120 with lat 43.7377 and lon 11.5734
(0)	 --> nearest ESM lat(33) 43.7 and lon(36) 11.6
(0)	-------------------------------------------------------------------------------
(0)	-------------------------------------------------------------------------------
(0)	Plot IT_FS_120-140 with lat 43.7371 and lon 11.5705
(0)	 --> nearest ESM lat(33) 43.7 and lon(36) 11.6
(0)	-------------------------------------------------------------------------------
(0)	-------------------------------------------------------------------------------
(0)	Plot IT_FS_140-240 with lat 43.7346 and lon 11.5718
(0)	 --> nearest ESM lat(33) 43.7 and lon(36) 11.6
(0)	-------------------------------------------------------------------------------
(0)	-------------------------------------------------------------------------------
(0)	Plot IT_PM_40-60 with lat 43.8735 and lon 11.6262
(0)	 --> nearest ESM lat(31) 43.9 and lon(36) 11.6
(0)	-------------------------------------------------------------------------------
(0)	-------------------------------------------------------------------------------
(0)	Plot IT_PM_80-100 with lat 43.7386 and lon 11.5668
(0)	 --> nearest ESM lat(33) 43.7 and lon(36) 11.6
(0)	-------------------------------------------------------------------------------
(0)	-------------------------------------------------------------------------------
(0)	Plot IT_PN_0-20 with lat 43.7417 and lon 11.5522
(0)	 --> nearest ESM lat(33) 43.7 and lon(36) 11.6
(0)	-------------------------------------------------------------------------------
(0)	-------------------------------------------------------------------------------
(0)	Plot IT_PN_20-40 with lat 43.8794 and lon 11.6291
(0)	 --> nearest ESM lat(31) 43.9 and lon(36) 11.6
(0)	-------------------------------------------------------------------------------
(0)	-------------------------------------------------------------------------------
(0)	Plot IT_PN_40-60 with lat 43.8693 and lon 11.6251
(0)	 --> nearest ESM lat(31) 43.9 and lon(36) 11.6
(0)	-------------------------------------------------------------------------------
(0)	-------------------------------------------------------------------------------
(0)	Plot IT_PN_60-80 with lat 43.7346 and lon 11.5628
(0)	 --> nearest ESM lat(33) 43.7 and lon(36) 11.6
(0)	-------------------------------------------------------------------------------
(0)	-------------------------------------------------------------------------------
(0)	Plot IT_PN_80-100 with lat 43.7458 and lon 11.538
(0)	 --> nearest ESM lat(33) 43.7 and lon(35) 11.5
(0)	-------------------------------------------------------------------------------
(0)	-------------------------------------------------------------------------------
(0)	Plot IT_PN_120-140 with lat 43.761 and lon 11.5756
(0)	 --> nearest ESM lat(32) 43.8 and lon(36) 11.6
(0)	-------------------------------------------------------------------------------
(0)	-------------------------------------------------------------------------------
(0)	Plot IT_QC_0-20 with lat 43.8818 and lon 11.616
(0)	 --> nearest ESM lat(31) 43.9 and lon(36) 11.6
(0)	-------------------------------------------------------------------------------
(0)	-------------------------------------------------------------------------------
(0)	Plot IT_QC_20-40 with lat 43.8795 and lon 11.6175
(0)	 --> nearest ESM lat(31) 43.9 and lon(36) 11.6
(0)	-------------------------------------------------------------------------------
(0)	-------------------------------------------------------------------------------
(0)	Plot IT_QC_40-60 with lat 43.8788 and lon 11.6153
(0)	 --> nearest ESM lat(31) 43.9 and lon(36) 11.6
(0)	-------------------------------------------------------------------------------
(0)	-------------------------------------------------------------------------------
(0)	Plot IT_QC_60-80 with lat 43.7458 and lon 11.5595
(0)	 --> nearest ESM lat(33) 43.7 and lon(36) 11.6
(0)	-------------------------------------------------------------------------------
(0)	-------------------------------------------------------------------------------
(0)	-------------------------------------------------------------------------------
(0)	Working on RACMO22 for scenario RCP85 and CSA Italy
(0)	-------------------------------------------------------------------------------
(0)	Plot IT_AA_40-60 with lat 43.7288 and lon 11.5675
(0)	 --> nearest ESM lat(33) 43.7 and lon(36) 11.6
(0)	-------------------------------------------------------------------------------
(0)	-------------------------------------------------------------------------------
(0)	Plot IT_AA_60-80 with lat 43.7347 and lon 11.5686
(0)	 --> nearest ESM lat(33) 43.7 and lon(36) 11.6
(0)	-------------------------------------------------------------------------------
(0)	-------------------------------------------------------------------------------
(0)	Plot IT_AA_80-100 with lat 43.7375 and lon 11.5651
(0)	 --> nearest ESM lat(33) 43.7 and lon(36) 11.6
(0)	-------------------------------------------------------------------------------
(0)	-------------------------------------------------------------------------------
(0)	Plot IT_AA_100-120 with lat 43.7369 and lon 11.5631
(0)	 --> nearest ESM lat(33) 43.7 and lon(36) 11.6
(0)	-------------------------------------------------------------------------------
(0)	-------------------------------------------------------------------------------
(0)	Plot IT_AA_120-140 with lat 43.7332 and lon 11.5656
(0)	 --> nearest ESM lat(33) 43.7 and lon(36) 11.6
(0)	-------------------------------------------------------------------------------
(0)	-------------------------------------------------------------------------------
(0)	Plot IT_AA_140-240 with lat 43.7405 and lon 11.5697
(0)	 --> nearest ESM lat(33) 43.7 and lon(36) 11.6
(0)	-------------------------------------------------------------------------------
(0)	-------------------------------------------------------------------------------
(0)	Plot IT_FS_20-40 with lat 43.8806 and lon 11.6345
(0)	 --> nearest ESM lat(31) 43.9 and lon(36) 11.6
(0)	-------------------------------------------------------------------------------
(0)	-------------------------------------------------------------------------------
(0)	Plot IT_FS_40-60 with lat 43.7371 and lon 11.566
(0)	 --> nearest ESM lat(33) 43.7 and lon(36) 11.6
(0)	-------------------------------------------------------------------------------
(0)	-------------------------------------------------------------------------------
(0)	Plot IT_FS_60-80 with lat 43.7384 and lon 11.5677
(0)	 --> nearest ESM lat(33) 43.7 and lon(36) 11.6
(0)	-------------------------------------------------------------------------------
(0)	-------------------------------------------------------------------------------
(0)	Plot IT_FS_80-100 with lat 43.7324 and lon 11.5725
(0)	 --> nearest ESM lat(33) 43.7 and lon(36) 11.6
(0)	-------------------------------------------------------------------------------
(0)	-------------------------------------------------------------------------------
(0)	Plot IT_FS_100-120 with lat 43.7377 and lon 11.5734
(0)	 --> nearest ESM lat(33) 43.7 and lon(36) 11.6
(0)	-------------------------------------------------------------------------------
(0)	-------------------------------------------------------------------------------
(0)	Plot IT_FS_120-140 with lat 43.7371 and lon 11.5705
(0)	 --> nearest ESM lat(33) 43.7 and lon(36) 11.6
(0)	-------------------------------------------------------------------------------
(0)	-------------------------------------------------------------------------------
(0)	Plot IT_FS_140-240 with lat 43.7346 and lon 11.5718
(0)	 --> nearest ESM lat(33) 43.7 and lon(36) 11.6
(0)	-------------------------------------------------------------------------------
(0)	-------------------------------------------------------------------------------
(0)	Plot IT_PM_40-60 with lat 43.8735 and lon 11.6262
(0)	 --> nearest ESM lat(31) 43.9 and lon(36) 11.6
(0)	-------------------------------------------------------------------------------
(0)	-------------------------------------------------------------------------------
(0)	Plot IT_PM_80-100 with lat 43.7386 and lon 11.5668
(0)	 --> nearest ESM lat(33) 43.7 and lon(36) 11.6
(0)	-------------------------------------------------------------------------------
(0)	-------------------------------------------------------------------------------
(0)	Plot IT_PN_0-20 with lat 43.7417 and lon 11.5522
(0)	 --> nearest ESM lat(33) 43.7 and lon(36) 11.6
(0)	-------------------------------------------------------------------------------
(0)	-------------------------------------------------------------------------------
(0)	Plot IT_PN_20-40 with lat 43.8794 and lon 11.6291
(0)	 --> nearest ESM lat(31) 43.9 and lon(36) 11.6
(0)	-------------------------------------------------------------------------------
(0)	-------------------------------------------------------------------------------
(0)	Plot IT_PN_40-60 with lat 43.8693 and lon 11.6251
(0)	 --> nearest ESM lat(31) 43.9 and lon(36) 11.6
(0)	-------------------------------------------------------------------------------
(0)	-------------------------------------------------------------------------------
(0)	Plot IT_PN_60-80 with lat 43.7346 and lon 11.5628
(0)	 --> nearest ESM lat(33) 43.7 and lon(36) 11.6
(0)	-------------------------------------------------------------------------------
(0)	-------------------------------------------------------------------------------
(0)	Plot IT_PN_80-100 with lat 43.7458 and lon 11.538
(0)	 --> nearest ESM lat(33) 43.7 and lon(35) 11.5
(0)	-------------------------------------------------------------------------------
(0)	-------------------------------------------------------------------------------
(0)	Plot IT_PN_120-140 with lat 43.761 and lon 11.5756
(0)	 --> nearest ESM lat(32) 43.8 and lon(36) 11.6
(0)	-------------------------------------------------------------------------------
(0)	-------------------------------------------------------------------------------
(0)	Plot IT_QC_0-20 with lat 43.8818 and lon 11.616
(0)	 --> nearest ESM lat(31) 43.9 and lon(36) 11.6
(0)	-------------------------------------------------------------------------------
(0)	-------------------------------------------------------------------------------
(0)	Plot IT_QC_20-40 with lat 43.8795 and lon 11.6175
(0)	 --> nearest ESM lat(31) 43.9 and lon(36) 11.6
(0)	-------------------------------------------------------------------------------
(0)	-------------------------------------------------------------------------------
(0)	Plot IT_QC_40-60 with lat 43.8788 and lon 11.6153
(0)	 --> nearest ESM lat(31) 43.9 and lon(36) 11.6
(0)	-------------------------------------------------------------------------------
(0)	-------------------------------------------------------------------------------
(0)	Plot IT_QC_60-80 with lat 43.7458 and lon 11.5595
(0)	 --> nearest ESM lat(33) 43.7 and lon(36) 11.6
(0)	-------------------------------------------------------------------------------
(0)	Calculated PI in 2961.78 seconds
(0)	--------------------------------------------------------------
(0)	THE END
